g++ src/caffe/layer_factory.cpp -pthread -fPIC -DNDEBUG -O2 -DUSE_CUDNN -I/usr/include/python2.7 -I/usr/lib/python2.7/dist-packages/numpy/core/include -I/usr/local/include -I.build_release/src -I./src -I./include -I/usr/local/cuda-6.5/include -Wall -Wno-sign-compare -c -o .build_release/src/caffe/layer_factory.o 2> .build_release/src/caffe/layer_factory.o.warnings.txt \
		|| (cat .build_release/src/caffe/layer_factory.o.warnings.txt; exit 1)

g++ src/caffe/data_transformer.cpp -pthread -fPIC -DNDEBUG -O2 -DUSE_CUDNN -I/usr/include/python2.7 -I/usr/lib/python2.7/dist-packages/numpy/core/include -I/usr/local/include -I.build_release/src -I./src -I./include -I/usr/local/cuda-6.5/include -Wall -Wno-sign-compare -c -o .build_release/src/caffe/data_transformer.o 2> .build_release/src/caffe/data_transformer.o.warnings.txt \
		|| (cat .build_release/src/caffe/data_transformer.o.warnings.txt; exit 1)

g++ src/caffe/util/insert_splits.cpp -pthread -fPIC -DNDEBUG -O2 -DUSE_CUDNN -I/usr/include/python2.7 -I/usr/lib/python2.7/dist-packages/numpy/core/include -I/usr/local/include -I.build_release/src -I./src -I./include -I/usr/local/cuda-6.5/include -Wall -Wno-sign-compare -c -o .build_release/src/caffe/util/insert_splits.o 2> .build_release/src/caffe/util/insert_splits.o.warnings.txt \
		|| (cat .build_release/src/caffe/util/insert_splits.o.warnings.txt; exit 1)

g++ src/caffe/util/io.cpp -pthread -fPIC -DNDEBUG -O2 -DUSE_CUDNN -I/usr/include/python2.7 -I/usr/lib/python2.7/dist-packages/numpy/core/include -I/usr/local/include -I.build_release/src -I./src -I./include -I/usr/local/cuda-6.5/include -Wall -Wno-sign-compare -c -o .build_release/src/caffe/util/io.o 2> .build_release/src/caffe/util/io.o.warnings.txt \
		|| (cat .build_release/src/caffe/util/io.o.warnings.txt; exit 1)

g++ src/caffe/util/im2col.cpp -pthread -fPIC -DNDEBUG -O2 -DUSE_CUDNN -I/usr/include/python2.7 -I/usr/lib/python2.7/dist-packages/numpy/core/include -I/usr/local/include -I.build_release/src -I./src -I./include -I/usr/local/cuda-6.5/include -Wall -Wno-sign-compare -c -o .build_release/src/caffe/util/im2col.o 2> .build_release/src/caffe/util/im2col.o.warnings.txt \
		|| (cat .build_release/src/caffe/util/im2col.o.warnings.txt; exit 1)

g++ src/caffe/util/benchmark.cpp -pthread -fPIC -DNDEBUG -O2 -DUSE_CUDNN -I/usr/include/python2.7 -I/usr/lib/python2.7/dist-packages/numpy/core/include -I/usr/local/include -I.build_release/src -I./src -I./include -I/usr/local/cuda-6.5/include -Wall -Wno-sign-compare -c -o .build_release/src/caffe/util/benchmark.o 2> .build_release/src/caffe/util/benchmark.o.warnings.txt \
		|| (cat .build_release/src/caffe/util/benchmark.o.warnings.txt; exit 1)

g++ src/caffe/util/math_functions.cpp -pthread -fPIC -DNDEBUG -O2 -DUSE_CUDNN -I/usr/include/python2.7 -I/usr/lib/python2.7/dist-packages/numpy/core/include -I/usr/local/include -I.build_release/src -I./src -I./include -I/usr/local/cuda-6.5/include -Wall -Wno-sign-compare -c -o .build_release/src/caffe/util/math_functions.o 2> .build_release/src/caffe/util/math_functions.o.warnings.txt \
		|| (cat .build_release/src/caffe/util/math_functions.o.warnings.txt; exit 1)

g++ src/caffe/util/upgrade_proto.cpp -pthread -fPIC -DNDEBUG -O2 -DUSE_CUDNN -I/usr/include/python2.7 -I/usr/lib/python2.7/dist-packages/numpy/core/include -I/usr/local/include -I.build_release/src -I./src -I./include -I/usr/local/cuda-6.5/include -Wall -Wno-sign-compare -c -o .build_release/src/caffe/util/upgrade_proto.o 2> .build_release/src/caffe/util/upgrade_proto.o.warnings.txt \
		|| (cat .build_release/src/caffe/util/upgrade_proto.o.warnings.txt; exit 1)

g++ src/caffe/common.cpp -pthread -fPIC -DNDEBUG -O2 -DUSE_CUDNN -I/usr/include/python2.7 -I/usr/lib/python2.7/dist-packages/numpy/core/include -I/usr/local/include -I.build_release/src -I./src -I./include -I/usr/local/cuda-6.5/include -Wall -Wno-sign-compare -c -o .build_release/src/caffe/common.o 2> .build_release/src/caffe/common.o.warnings.txt \
		|| (cat .build_release/src/caffe/common.o.warnings.txt; exit 1)

g++ src/caffe/blob.cpp -pthread -fPIC -DNDEBUG -O2 -DUSE_CUDNN -I/usr/include/python2.7 -I/usr/lib/python2.7/dist-packages/numpy/core/include -I/usr/local/include -I.build_release/src -I./src -I./include -I/usr/local/cuda-6.5/include -Wall -Wno-sign-compare -c -o .build_release/src/caffe/blob.o 2> .build_release/src/caffe/blob.o.warnings.txt \
		|| (cat .build_release/src/caffe/blob.o.warnings.txt; exit 1)

g++ src/caffe/syncedmem.cpp -pthread -fPIC -DNDEBUG -O2 -DUSE_CUDNN -I/usr/include/python2.7 -I/usr/lib/python2.7/dist-packages/numpy/core/include -I/usr/local/include -I.build_release/src -I./src -I./include -I/usr/local/cuda-6.5/include -Wall -Wno-sign-compare -c -o .build_release/src/caffe/syncedmem.o 2> .build_release/src/caffe/syncedmem.o.warnings.txt \
		|| (cat .build_release/src/caffe/syncedmem.o.warnings.txt; exit 1)

g++ src/caffe/net.cpp -pthread -fPIC -DNDEBUG -O2 -DUSE_CUDNN -I/usr/include/python2.7 -I/usr/lib/python2.7/dist-packages/numpy/core/include -I/usr/local/include -I.build_release/src -I./src -I./include -I/usr/local/cuda-6.5/include -Wall -Wno-sign-compare -c -o .build_release/src/caffe/net.o 2> .build_release/src/caffe/net.o.warnings.txt \
		|| (cat .build_release/src/caffe/net.o.warnings.txt; exit 1)

g++ src/caffe/solver.cpp -pthread -fPIC -DNDEBUG -O2 -DUSE_CUDNN -I/usr/include/python2.7 -I/usr/lib/python2.7/dist-packages/numpy/core/include -I/usr/local/include -I.build_release/src -I./src -I./include -I/usr/local/cuda-6.5/include -Wall -Wno-sign-compare -c -o .build_release/src/caffe/solver.o 2> .build_release/src/caffe/solver.o.warnings.txt \
		|| (cat .build_release/src/caffe/solver.o.warnings.txt; exit 1)

g++ src/caffe/layers/relu_layer.cpp -pthread -fPIC -DNDEBUG -O2 -DUSE_CUDNN -I/usr/include/python2.7 -I/usr/lib/python2.7/dist-packages/numpy/core/include -I/usr/local/include -I.build_release/src -I./src -I./include -I/usr/local/cuda-6.5/include -Wall -Wno-sign-compare -c -o .build_release/src/caffe/layers/relu_layer.o 2> .build_release/src/caffe/layers/relu_layer.o.warnings.txt \
		|| (cat .build_release/src/caffe/layers/relu_layer.o.warnings.txt; exit 1)

g++ src/caffe/layers/power_layer.cpp -pthread -fPIC -DNDEBUG -O2 -DUSE_CUDNN -I/usr/include/python2.7 -I/usr/lib/python2.7/dist-packages/numpy/core/include -I/usr/local/include -I.build_release/src -I./src -I./include -I/usr/local/cuda-6.5/include -Wall -Wno-sign-compare -c -o .build_release/src/caffe/layers/power_layer.o 2> .build_release/src/caffe/layers/power_layer.o.warnings.txt \
		|| (cat .build_release/src/caffe/layers/power_layer.o.warnings.txt; exit 1)

g++ src/caffe/layers/hdf5_data_layer.cpp -pthread -fPIC -DNDEBUG -O2 -DUSE_CUDNN -I/usr/include/python2.7 -I/usr/lib/python2.7/dist-packages/numpy/core/include -I/usr/local/include -I.build_release/src -I./src -I./include -I/usr/local/cuda-6.5/include -Wall -Wno-sign-compare -c -o .build_release/src/caffe/layers/hdf5_data_layer.o 2> .build_release/src/caffe/layers/hdf5_data_layer.o.warnings.txt \
		|| (cat .build_release/src/caffe/layers/hdf5_data_layer.o.warnings.txt; exit 1)

g++ src/caffe/layers/loss_layer.cpp -pthread -fPIC -DNDEBUG -O2 -DUSE_CUDNN -I/usr/include/python2.7 -I/usr/lib/python2.7/dist-packages/numpy/core/include -I/usr/local/include -I.build_release/src -I./src -I./include -I/usr/local/cuda-6.5/include -Wall -Wno-sign-compare -c -o .build_release/src/caffe/layers/loss_layer.o 2> .build_release/src/caffe/layers/loss_layer.o.warnings.txt \
		|| (cat .build_release/src/caffe/layers/loss_layer.o.warnings.txt; exit 1)

g++ src/caffe/layers/mvn_layer.cpp -pthread -fPIC -DNDEBUG -O2 -DUSE_CUDNN -I/usr/include/python2.7 -I/usr/lib/python2.7/dist-packages/numpy/core/include -I/usr/local/include -I.build_release/src -I./src -I./include -I/usr/local/cuda-6.5/include -Wall -Wno-sign-compare -c -o .build_release/src/caffe/layers/mvn_layer.o 2> .build_release/src/caffe/layers/mvn_layer.o.warnings.txt \
		|| (cat .build_release/src/caffe/layers/mvn_layer.o.warnings.txt; exit 1)

g++ src/caffe/layers/split_layer.cpp -pthread -fPIC -DNDEBUG -O2 -DUSE_CUDNN -I/usr/include/python2.7 -I/usr/lib/python2.7/dist-packages/numpy/core/include -I/usr/local/include -I.build_release/src -I./src -I./include -I/usr/local/cuda-6.5/include -Wall -Wno-sign-compare -c -o .build_release/src/caffe/layers/split_layer.o 2> .build_release/src/caffe/layers/split_layer.o.warnings.txt \
		|| (cat .build_release/src/caffe/layers/split_layer.o.warnings.txt; exit 1)

g++ src/caffe/layers/cudnn_relu_layer.cpp -pthread -fPIC -DNDEBUG -O2 -DUSE_CUDNN -I/usr/include/python2.7 -I/usr/lib/python2.7/dist-packages/numpy/core/include -I/usr/local/include -I.build_release/src -I./src -I./include -I/usr/local/cuda-6.5/include -Wall -Wno-sign-compare -c -o .build_release/src/caffe/layers/cudnn_relu_layer.o 2> .build_release/src/caffe/layers/cudnn_relu_layer.o.warnings.txt \
		|| (cat .build_release/src/caffe/layers/cudnn_relu_layer.o.warnings.txt; exit 1)

g++ src/caffe/layers/cudnn_conv_layer.cpp -pthread -fPIC -DNDEBUG -O2 -DUSE_CUDNN -I/usr/include/python2.7 -I/usr/lib/python2.7/dist-packages/numpy/core/include -I/usr/local/include -I.build_release/src -I./src -I./include -I/usr/local/cuda-6.5/include -Wall -Wno-sign-compare -c -o .build_release/src/caffe/layers/cudnn_conv_layer.o 2> .build_release/src/caffe/layers/cudnn_conv_layer.o.warnings.txt \
		|| (cat .build_release/src/caffe/layers/cudnn_conv_layer.o.warnings.txt; exit 1)

g++ src/caffe/layers/pooling_layer.cpp -pthread -fPIC -DNDEBUG -O2 -DUSE_CUDNN -I/usr/include/python2.7 -I/usr/lib/python2.7/dist-packages/numpy/core/include -I/usr/local/include -I.build_release/src -I./src -I./include -I/usr/local/cuda-6.5/include -Wall -Wno-sign-compare -c -o .build_release/src/caffe/layers/pooling_layer.o 2> .build_release/src/caffe/layers/pooling_layer.o.warnings.txt \
		|| (cat .build_release/src/caffe/layers/pooling_layer.o.warnings.txt; exit 1)

g++ src/caffe/layers/image_data_layer.cpp -pthread -fPIC -DNDEBUG -O2 -DUSE_CUDNN -I/usr/include/python2.7 -I/usr/lib/python2.7/dist-packages/numpy/core/include -I/usr/local/include -I.build_release/src -I./src -I./include -I/usr/local/cuda-6.5/include -Wall -Wno-sign-compare -c -o .build_release/src/caffe/layers/image_data_layer.o 2> .build_release/src/caffe/layers/image_data_layer.o.warnings.txt \
		|| (cat .build_release/src/caffe/layers/image_data_layer.o.warnings.txt; exit 1)

g++ src/caffe/layers/dummy_data_layer.cpp -pthread -fPIC -DNDEBUG -O2 -DUSE_CUDNN -I/usr/include/python2.7 -I/usr/lib/python2.7/dist-packages/numpy/core/include -I/usr/local/include -I.build_release/src -I./src -I./include -I/usr/local/cuda-6.5/include -Wall -Wno-sign-compare -c -o .build_release/src/caffe/layers/dummy_data_layer.o 2> .build_release/src/caffe/layers/dummy_data_layer.o.warnings.txt \
		|| (cat .build_release/src/caffe/layers/dummy_data_layer.o.warnings.txt; exit 1)

g++ src/caffe/layers/cudnn_pooling_layer.cpp -pthread -fPIC -DNDEBUG -O2 -DUSE_CUDNN -I/usr/include/python2.7 -I/usr/lib/python2.7/dist-packages/numpy/core/include -I/usr/local/include -I.build_release/src -I./src -I./include -I/usr/local/cuda-6.5/include -Wall -Wno-sign-compare -c -o .build_release/src/caffe/layers/cudnn_pooling_layer.o 2> .build_release/src/caffe/layers/cudnn_pooling_layer.o.warnings.txt \
		|| (cat .build_release/src/caffe/layers/cudnn_pooling_layer.o.warnings.txt; exit 1)

g++ src/caffe/layers/base_data_layer.cpp -pthread -fPIC -DNDEBUG -O2 -DUSE_CUDNN -I/usr/include/python2.7 -I/usr/lib/python2.7/dist-packages/numpy/core/include -I/usr/local/include -I.build_release/src -I./src -I./include -I/usr/local/cuda-6.5/include -Wall -Wno-sign-compare -c -o .build_release/src/caffe/layers/base_data_layer.o 2> .build_release/src/caffe/layers/base_data_layer.o.warnings.txt \
		|| (cat .build_release/src/caffe/layers/base_data_layer.o.warnings.txt; exit 1)

g++ src/caffe/layers/accuracy_layer.cpp -pthread -fPIC -DNDEBUG -O2 -DUSE_CUDNN -I/usr/include/python2.7 -I/usr/lib/python2.7/dist-packages/numpy/core/include -I/usr/local/include -I.build_release/src -I./src -I./include -I/usr/local/cuda-6.5/include -Wall -Wno-sign-compare -c -o .build_release/src/caffe/layers/accuracy_layer.o 2> .build_release/src/caffe/layers/accuracy_layer.o.warnings.txt \
		|| (cat .build_release/src/caffe/layers/accuracy_layer.o.warnings.txt; exit 1)

g++ src/caffe/layers/slice_layer.cpp -pthread -fPIC -DNDEBUG -O2 -DUSE_CUDNN -I/usr/include/python2.7 -I/usr/lib/python2.7/dist-packages/numpy/core/include -I/usr/local/include -I.build_release/src -I./src -I./include -I/usr/local/cuda-6.5/include -Wall -Wno-sign-compare -c -o .build_release/src/caffe/layers/slice_layer.o 2> .build_release/src/caffe/layers/slice_layer.o.warnings.txt \
		|| (cat .build_release/src/caffe/layers/slice_layer.o.warnings.txt; exit 1)

g++ src/caffe/layers/data_layer.cpp -pthread -fPIC -DNDEBUG -O2 -DUSE_CUDNN -I/usr/include/python2.7 -I/usr/lib/python2.7/dist-packages/numpy/core/include -I/usr/local/include -I.build_release/src -I./src -I./include -I/usr/local/cuda-6.5/include -Wall -Wno-sign-compare -c -o .build_release/src/caffe/layers/data_layer.o 2> .build_release/src/caffe/layers/data_layer.o.warnings.txt \
		|| (cat .build_release/src/caffe/layers/data_layer.o.warnings.txt; exit 1)

g++ src/caffe/layers/argmax_layer.cpp -pthread -fPIC -DNDEBUG -O2 -DUSE_CUDNN -I/usr/include/python2.7 -I/usr/lib/python2.7/dist-packages/numpy/core/include -I/usr/local/include -I.build_release/src -I./src -I./include -I/usr/local/cuda-6.5/include -Wall -Wno-sign-compare -c -o .build_release/src/caffe/layers/argmax_layer.o 2> .build_release/src/caffe/layers/argmax_layer.o.warnings.txt \
		|| (cat .build_release/src/caffe/layers/argmax_layer.o.warnings.txt; exit 1)

g++ src/caffe/layers/window_data_layer.cpp -pthread -fPIC -DNDEBUG -O2 -DUSE_CUDNN -I/usr/include/python2.7 -I/usr/lib/python2.7/dist-packages/numpy/core/include -I/usr/local/include -I.build_release/src -I./src -I./include -I/usr/local/cuda-6.5/include -Wall -Wno-sign-compare -c -o .build_release/src/caffe/layers/window_data_layer.o 2> .build_release/src/caffe/layers/window_data_layer.o.warnings.txt \
		|| (cat .build_release/src/caffe/layers/window_data_layer.o.warnings.txt; exit 1)

g++ src/caffe/layers/softmax_layer.cpp -pthread -fPIC -DNDEBUG -O2 -DUSE_CUDNN -I/usr/include/python2.7 -I/usr/lib/python2.7/dist-packages/numpy/core/include -I/usr/local/include -I.build_release/src -I./src -I./include -I/usr/local/cuda-6.5/include -Wall -Wno-sign-compare -c -o .build_release/src/caffe/layers/softmax_layer.o 2> .build_release/src/caffe/layers/softmax_layer.o.warnings.txt \
		|| (cat .build_release/src/caffe/layers/softmax_layer.o.warnings.txt; exit 1)

g++ src/caffe/layers/hinge_loss_layer.cpp -pthread -fPIC -DNDEBUG -O2 -DUSE_CUDNN -I/usr/include/python2.7 -I/usr/lib/python2.7/dist-packages/numpy/core/include -I/usr/local/include -I.build_release/src -I./src -I./include -I/usr/local/cuda-6.5/include -Wall -Wno-sign-compare -c -o .build_release/src/caffe/layers/hinge_loss_layer.o 2> .build_release/src/caffe/layers/hinge_loss_layer.o.warnings.txt \
		|| (cat .build_release/src/caffe/layers/hinge_loss_layer.o.warnings.txt; exit 1)

g++ src/caffe/layers/softmax_loss_layer.cpp -pthread -fPIC -DNDEBUG -O2 -DUSE_CUDNN -I/usr/include/python2.7 -I/usr/lib/python2.7/dist-packages/numpy/core/include -I/usr/local/include -I.build_release/src -I./src -I./include -I/usr/local/cuda-6.5/include -Wall -Wno-sign-compare -c -o .build_release/src/caffe/layers/softmax_loss_layer.o 2> .build_release/src/caffe/layers/softmax_loss_layer.o.warnings.txt \
		|| (cat .build_release/src/caffe/layers/softmax_loss_layer.o.warnings.txt; exit 1)

g++ src/caffe/layers/absval_layer.cpp -pthread -fPIC -DNDEBUG -O2 -DUSE_CUDNN -I/usr/include/python2.7 -I/usr/lib/python2.7/dist-packages/numpy/core/include -I/usr/local/include -I.build_release/src -I./src -I./include -I/usr/local/cuda-6.5/include -Wall -Wno-sign-compare -c -o .build_release/src/caffe/layers/absval_layer.o 2> .build_release/src/caffe/layers/absval_layer.o.warnings.txt \
		|| (cat .build_release/src/caffe/layers/absval_layer.o.warnings.txt; exit 1)

g++ src/caffe/layers/sigmoid_layer.cpp -pthread -fPIC -DNDEBUG -O2 -DUSE_CUDNN -I/usr/include/python2.7 -I/usr/lib/python2.7/dist-packages/numpy/core/include -I/usr/local/include -I.build_release/src -I./src -I./include -I/usr/local/cuda-6.5/include -Wall -Wno-sign-compare -c -o .build_release/src/caffe/layers/sigmoid_layer.o 2> .build_release/src/caffe/layers/sigmoid_layer.o.warnings.txt \
		|| (cat .build_release/src/caffe/layers/sigmoid_layer.o.warnings.txt; exit 1)

g++ src/caffe/layers/silence_layer.cpp -pthread -fPIC -DNDEBUG -O2 -DUSE_CUDNN -I/usr/include/python2.7 -I/usr/lib/python2.7/dist-packages/numpy/core/include -I/usr/local/include -I.build_release/src -I./src -I./include -I/usr/local/cuda-6.5/include -Wall -Wno-sign-compare -c -o .build_release/src/caffe/layers/silence_layer.o 2> .build_release/src/caffe/layers/silence_layer.o.warnings.txt \
		|| (cat .build_release/src/caffe/layers/silence_layer.o.warnings.txt; exit 1)

g++ src/caffe/layers/inner_product_layer.cpp -pthread -fPIC -DNDEBUG -O2 -DUSE_CUDNN -I/usr/include/python2.7 -I/usr/lib/python2.7/dist-packages/numpy/core/include -I/usr/local/include -I.build_release/src -I./src -I./include -I/usr/local/cuda-6.5/include -Wall -Wno-sign-compare -c -o .build_release/src/caffe/layers/inner_product_layer.o 2> .build_release/src/caffe/layers/inner_product_layer.o.warnings.txt \
		|| (cat .build_release/src/caffe/layers/inner_product_layer.o.warnings.txt; exit 1)

g++ src/caffe/layers/threshold_layer.cpp -pthread -fPIC -DNDEBUG -O2 -DUSE_CUDNN -I/usr/include/python2.7 -I/usr/lib/python2.7/dist-packages/numpy/core/include -I/usr/local/include -I.build_release/src -I./src -I./include -I/usr/local/cuda-6.5/include -Wall -Wno-sign-compare -c -o .build_release/src/caffe/layers/threshold_layer.o 2> .build_release/src/caffe/layers/threshold_layer.o.warnings.txt \
		|| (cat .build_release/src/caffe/layers/threshold_layer.o.warnings.txt; exit 1)

g++ src/caffe/layers/tanh_layer.cpp -pthread -fPIC -DNDEBUG -O2 -DUSE_CUDNN -I/usr/include/python2.7 -I/usr/lib/python2.7/dist-packages/numpy/core/include -I/usr/local/include -I.build_release/src -I./src -I./include -I/usr/local/cuda-6.5/include -Wall -Wno-sign-compare -c -o .build_release/src/caffe/layers/tanh_layer.o 2> .build_release/src/caffe/layers/tanh_layer.o.warnings.txt \
		|| (cat .build_release/src/caffe/layers/tanh_layer.o.warnings.txt; exit 1)

g++ src/caffe/layers/eltwise_layer.cpp -pthread -fPIC -DNDEBUG -O2 -DUSE_CUDNN -I/usr/include/python2.7 -I/usr/lib/python2.7/dist-packages/numpy/core/include -I/usr/local/include -I.build_release/src -I./src -I./include -I/usr/local/cuda-6.5/include -Wall -Wno-sign-compare -c -o .build_release/src/caffe/layers/eltwise_layer.o 2> .build_release/src/caffe/layers/eltwise_layer.o.warnings.txt \
		|| (cat .build_release/src/caffe/layers/eltwise_layer.o.warnings.txt; exit 1)

g++ src/caffe/layers/cudnn_sigmoid_layer.cpp -pthread -fPIC -DNDEBUG -O2 -DUSE_CUDNN -I/usr/include/python2.7 -I/usr/lib/python2.7/dist-packages/numpy/core/include -I/usr/local/include -I.build_release/src -I./src -I./include -I/usr/local/cuda-6.5/include -Wall -Wno-sign-compare -c -o .build_release/src/caffe/layers/cudnn_sigmoid_layer.o 2> .build_release/src/caffe/layers/cudnn_sigmoid_layer.o.warnings.txt \
		|| (cat .build_release/src/caffe/layers/cudnn_sigmoid_layer.o.warnings.txt; exit 1)

g++ src/caffe/layers/neuron_layer.cpp -pthread -fPIC -DNDEBUG -O2 -DUSE_CUDNN -I/usr/include/python2.7 -I/usr/lib/python2.7/dist-packages/numpy/core/include -I/usr/local/include -I.build_release/src -I./src -I./include -I/usr/local/cuda-6.5/include -Wall -Wno-sign-compare -c -o .build_release/src/caffe/layers/neuron_layer.o 2> .build_release/src/caffe/layers/neuron_layer.o.warnings.txt \
		|| (cat .build_release/src/caffe/layers/neuron_layer.o.warnings.txt; exit 1)

g++ src/caffe/layers/flatten_layer.cpp -pthread -fPIC -DNDEBUG -O2 -DUSE_CUDNN -I/usr/include/python2.7 -I/usr/lib/python2.7/dist-packages/numpy/core/include -I/usr/local/include -I.build_release/src -I./src -I./include -I/usr/local/cuda-6.5/include -Wall -Wno-sign-compare -c -o .build_release/src/caffe/layers/flatten_layer.o 2> .build_release/src/caffe/layers/flatten_layer.o.warnings.txt \
		|| (cat .build_release/src/caffe/layers/flatten_layer.o.warnings.txt; exit 1)

g++ src/caffe/layers/cudnn_softmax_layer.cpp -pthread -fPIC -DNDEBUG -O2 -DUSE_CUDNN -I/usr/include/python2.7 -I/usr/lib/python2.7/dist-packages/numpy/core/include -I/usr/local/include -I.build_release/src -I./src -I./include -I/usr/local/cuda-6.5/include -Wall -Wno-sign-compare -c -o .build_release/src/caffe/layers/cudnn_softmax_layer.o 2> .build_release/src/caffe/layers/cudnn_softmax_layer.o.warnings.txt \
		|| (cat .build_release/src/caffe/layers/cudnn_softmax_layer.o.warnings.txt; exit 1)

g++ src/caffe/layers/im2col_layer.cpp -pthread -fPIC -DNDEBUG -O2 -DUSE_CUDNN -I/usr/include/python2.7 -I/usr/lib/python2.7/dist-packages/numpy/core/include -I/usr/local/include -I.build_release/src -I./src -I./include -I/usr/local/cuda-6.5/include -Wall -Wno-sign-compare -c -o .build_release/src/caffe/layers/im2col_layer.o 2> .build_release/src/caffe/layers/im2col_layer.o.warnings.txt \
		|| (cat .build_release/src/caffe/layers/im2col_layer.o.warnings.txt; exit 1)

g++ src/caffe/layers/infogain_loss_layer.cpp -pthread -fPIC -DNDEBUG -O2 -DUSE_CUDNN -I/usr/include/python2.7 -I/usr/lib/python2.7/dist-packages/numpy/core/include -I/usr/local/include -I.build_release/src -I./src -I./include -I/usr/local/cuda-6.5/include -Wall -Wno-sign-compare -c -o .build_release/src/caffe/layers/infogain_loss_layer.o 2> .build_release/src/caffe/layers/infogain_loss_layer.o.warnings.txt \
		|| (cat .build_release/src/caffe/layers/infogain_loss_layer.o.warnings.txt; exit 1)

g++ src/caffe/layers/euclidean_loss_layer.cpp -pthread -fPIC -DNDEBUG -O2 -DUSE_CUDNN -I/usr/include/python2.7 -I/usr/lib/python2.7/dist-packages/numpy/core/include -I/usr/local/include -I.build_release/src -I./src -I./include -I/usr/local/cuda-6.5/include -Wall -Wno-sign-compare -c -o .build_release/src/caffe/layers/euclidean_loss_layer.o 2> .build_release/src/caffe/layers/euclidean_loss_layer.o.warnings.txt \
		|| (cat .build_release/src/caffe/layers/euclidean_loss_layer.o.warnings.txt; exit 1)

g++ src/caffe/layers/hdf5_output_layer.cpp -pthread -fPIC -DNDEBUG -O2 -DUSE_CUDNN -I/usr/include/python2.7 -I/usr/lib/python2.7/dist-packages/numpy/core/include -I/usr/local/include -I.build_release/src -I./src -I./include -I/usr/local/cuda-6.5/include -Wall -Wno-sign-compare -c -o .build_release/src/caffe/layers/hdf5_output_layer.o 2> .build_release/src/caffe/layers/hdf5_output_layer.o.warnings.txt \
		|| (cat .build_release/src/caffe/layers/hdf5_output_layer.o.warnings.txt; exit 1)

g++ src/caffe/layers/contrastive_loss_layer.cpp -pthread -fPIC -DNDEBUG -O2 -DUSE_CUDNN -I/usr/include/python2.7 -I/usr/lib/python2.7/dist-packages/numpy/core/include -I/usr/local/include -I.build_release/src -I./src -I./include -I/usr/local/cuda-6.5/include -Wall -Wno-sign-compare -c -o .build_release/src/caffe/layers/contrastive_loss_layer.o 2> .build_release/src/caffe/layers/contrastive_loss_layer.o.warnings.txt \
		|| (cat .build_release/src/caffe/layers/contrastive_loss_layer.o.warnings.txt; exit 1)

g++ src/caffe/layers/multinomial_logistic_loss_layer.cpp -pthread -fPIC -DNDEBUG -O2 -DUSE_CUDNN -I/usr/include/python2.7 -I/usr/lib/python2.7/dist-packages/numpy/core/include -I/usr/local/include -I.build_release/src -I./src -I./include -I/usr/local/cuda-6.5/include -Wall -Wno-sign-compare -c -o .build_release/src/caffe/layers/multinomial_logistic_loss_layer.o 2> .build_release/src/caffe/layers/multinomial_logistic_loss_layer.o.warnings.txt \
		|| (cat .build_release/src/caffe/layers/multinomial_logistic_loss_layer.o.warnings.txt; exit 1)

g++ src/caffe/layers/bnll_layer.cpp -pthread -fPIC -DNDEBUG -O2 -DUSE_CUDNN -I/usr/include/python2.7 -I/usr/lib/python2.7/dist-packages/numpy/core/include -I/usr/local/include -I.build_release/src -I./src -I./include -I/usr/local/cuda-6.5/include -Wall -Wno-sign-compare -c -o .build_release/src/caffe/layers/bnll_layer.o 2> .build_release/src/caffe/layers/bnll_layer.o.warnings.txt \
		|| (cat .build_release/src/caffe/layers/bnll_layer.o.warnings.txt; exit 1)

g++ src/caffe/layers/concat_layer.cpp -pthread -fPIC -DNDEBUG -O2 -DUSE_CUDNN -I/usr/include/python2.7 -I/usr/lib/python2.7/dist-packages/numpy/core/include -I/usr/local/include -I.build_release/src -I./src -I./include -I/usr/local/cuda-6.5/include -Wall -Wno-sign-compare -c -o .build_release/src/caffe/layers/concat_layer.o 2> .build_release/src/caffe/layers/concat_layer.o.warnings.txt \
		|| (cat .build_release/src/caffe/layers/concat_layer.o.warnings.txt; exit 1)

g++ src/caffe/layers/memory_data_layer.cpp -pthread -fPIC -DNDEBUG -O2 -DUSE_CUDNN -I/usr/include/python2.7 -I/usr/lib/python2.7/dist-packages/numpy/core/include -I/usr/local/include -I.build_release/src -I./src -I./include -I/usr/local/cuda-6.5/include -Wall -Wno-sign-compare -c -o .build_release/src/caffe/layers/memory_data_layer.o 2> .build_release/src/caffe/layers/memory_data_layer.o.warnings.txt \
		|| (cat .build_release/src/caffe/layers/memory_data_layer.o.warnings.txt; exit 1)

g++ src/caffe/layers/cudnn_tanh_layer.cpp -pthread -fPIC -DNDEBUG -O2 -DUSE_CUDNN -I/usr/include/python2.7 -I/usr/lib/python2.7/dist-packages/numpy/core/include -I/usr/local/include -I.build_release/src -I./src -I./include -I/usr/local/cuda-6.5/include -Wall -Wno-sign-compare -c -o .build_release/src/caffe/layers/cudnn_tanh_layer.o 2> .build_release/src/caffe/layers/cudnn_tanh_layer.o.warnings.txt \
		|| (cat .build_release/src/caffe/layers/cudnn_tanh_layer.o.warnings.txt; exit 1)

g++ src/caffe/layers/lrn_layer.cpp -pthread -fPIC -DNDEBUG -O2 -DUSE_CUDNN -I/usr/include/python2.7 -I/usr/lib/python2.7/dist-packages/numpy/core/include -I/usr/local/include -I.build_release/src -I./src -I./include -I/usr/local/cuda-6.5/include -Wall -Wno-sign-compare -c -o .build_release/src/caffe/layers/lrn_layer.o 2> .build_release/src/caffe/layers/lrn_layer.o.warnings.txt \
		|| (cat .build_release/src/caffe/layers/lrn_layer.o.warnings.txt; exit 1)

g++ src/caffe/layers/conv_layer.cpp -pthread -fPIC -DNDEBUG -O2 -DUSE_CUDNN -I/usr/include/python2.7 -I/usr/lib/python2.7/dist-packages/numpy/core/include -I/usr/local/include -I.build_release/src -I./src -I./include -I/usr/local/cuda-6.5/include -Wall -Wno-sign-compare -c -o .build_release/src/caffe/layers/conv_layer.o 2> .build_release/src/caffe/layers/conv_layer.o.warnings.txt \
		|| (cat .build_release/src/caffe/layers/conv_layer.o.warnings.txt; exit 1)

g++ src/caffe/layers/sigmoid_cross_entropy_loss_layer.cpp -pthread -fPIC -DNDEBUG -O2 -DUSE_CUDNN -I/usr/include/python2.7 -I/usr/lib/python2.7/dist-packages/numpy/core/include -I/usr/local/include -I.build_release/src -I./src -I./include -I/usr/local/cuda-6.5/include -Wall -Wno-sign-compare -c -o .build_release/src/caffe/layers/sigmoid_cross_entropy_loss_layer.o 2> .build_release/src/caffe/layers/sigmoid_cross_entropy_loss_layer.o.warnings.txt \
		|| (cat .build_release/src/caffe/layers/sigmoid_cross_entropy_loss_layer.o.warnings.txt; exit 1)

g++ src/caffe/layers/dropout_layer.cpp -pthread -fPIC -DNDEBUG -O2 -DUSE_CUDNN -I/usr/include/python2.7 -I/usr/lib/python2.7/dist-packages/numpy/core/include -I/usr/local/include -I.build_release/src -I./src -I./include -I/usr/local/cuda-6.5/include -Wall -Wno-sign-compare -c -o .build_release/src/caffe/layers/dropout_layer.o 2> .build_release/src/caffe/layers/dropout_layer.o.warnings.txt \
		|| (cat .build_release/src/caffe/layers/dropout_layer.o.warnings.txt; exit 1)

g++ src/caffe/internal_thread.cpp -pthread -fPIC -DNDEBUG -O2 -DUSE_CUDNN -I/usr/include/python2.7 -I/usr/lib/python2.7/dist-packages/numpy/core/include -I/usr/local/include -I.build_release/src -I./src -I./include -I/usr/local/cuda-6.5/include -Wall -Wno-sign-compare -c -o .build_release/src/caffe/internal_thread.o 2> .build_release/src/caffe/internal_thread.o.warnings.txt \
		|| (cat .build_release/src/caffe/internal_thread.o.warnings.txt; exit 1)

/usr/local/cuda-6.5/bin/nvcc -ccbin=g++ -Xcompiler -fPIC -DNDEBUG -O2 -DUSE_CUDNN -I/usr/include/python2.7 -I/usr/lib/python2.7/dist-packages/numpy/core/include -I/usr/local/include -I.build_release/src -I./src -I./include -I/usr/local/cuda-6.5/include -gencode arch=compute_20,code=sm_20 -gencode arch=compute_20,code=sm_21 -gencode arch=compute_30,code=sm_30 -gencode arch=compute_35,code=sm_35 -gencode arch=compute_50,code=sm_50 -gencode arch=compute_50,code=compute_50 -c src/caffe/util/im2col.cu -o .build_release/src/caffe/util/im2col.cuo 2> .build_release/src/caffe/util/im2col.cuo.warnings.txt \
		|| (cat .build_release/src/caffe/util/im2col.cuo.warnings.txt; exit 1)

/usr/local/cuda-6.5/bin/nvcc -ccbin=g++ -Xcompiler -fPIC -DNDEBUG -O2 -DUSE_CUDNN -I/usr/include/python2.7 -I/usr/lib/python2.7/dist-packages/numpy/core/include -I/usr/local/include -I.build_release/src -I./src -I./include -I/usr/local/cuda-6.5/include -gencode arch=compute_20,code=sm_20 -gencode arch=compute_20,code=sm_21 -gencode arch=compute_30,code=sm_30 -gencode arch=compute_35,code=sm_35 -gencode arch=compute_50,code=sm_50 -gencode arch=compute_50,code=compute_50 -c src/caffe/util/math_functions.cu -o .build_release/src/caffe/util/math_functions.cuo 2> .build_release/src/caffe/util/math_functions.cuo.warnings.txt \
		|| (cat .build_release/src/caffe/util/math_functions.cuo.warnings.txt; exit 1)

/usr/local/cuda-6.5/bin/nvcc -ccbin=g++ -Xcompiler -fPIC -DNDEBUG -O2 -DUSE_CUDNN -I/usr/include/python2.7 -I/usr/lib/python2.7/dist-packages/numpy/core/include -I/usr/local/include -I.build_release/src -I./src -I./include -I/usr/local/cuda-6.5/include -gencode arch=compute_20,code=sm_20 -gencode arch=compute_20,code=sm_21 -gencode arch=compute_30,code=sm_30 -gencode arch=compute_35,code=sm_35 -gencode arch=compute_50,code=sm_50 -gencode arch=compute_50,code=compute_50 -c src/caffe/layers/relu_layer.cu -o .build_release/src/caffe/layers/relu_layer.cuo 2> .build_release/src/caffe/layers/relu_layer.cuo.warnings.txt \
		|| (cat .build_release/src/caffe/layers/relu_layer.cuo.warnings.txt; exit 1)

/usr/local/cuda-6.5/bin/nvcc -ccbin=g++ -Xcompiler -fPIC -DNDEBUG -O2 -DUSE_CUDNN -I/usr/include/python2.7 -I/usr/lib/python2.7/dist-packages/numpy/core/include -I/usr/local/include -I.build_release/src -I./src -I./include -I/usr/local/cuda-6.5/include -gencode arch=compute_20,code=sm_20 -gencode arch=compute_20,code=sm_21 -gencode arch=compute_30,code=sm_30 -gencode arch=compute_35,code=sm_35 -gencode arch=compute_50,code=sm_50 -gencode arch=compute_50,code=compute_50 -c src/caffe/layers/slice_layer.cu -o .build_release/src/caffe/layers/slice_layer.cuo 2> .build_release/src/caffe/layers/slice_layer.cuo.warnings.txt \
		|| (cat .build_release/src/caffe/layers/slice_layer.cuo.warnings.txt; exit 1)

/usr/local/cuda-6.5/bin/nvcc -ccbin=g++ -Xcompiler -fPIC -DNDEBUG -O2 -DUSE_CUDNN -I/usr/include/python2.7 -I/usr/lib/python2.7/dist-packages/numpy/core/include -I/usr/local/include -I.build_release/src -I./src -I./include -I/usr/local/cuda-6.5/include -gencode arch=compute_20,code=sm_20 -gencode arch=compute_20,code=sm_21 -gencode arch=compute_30,code=sm_30 -gencode arch=compute_35,code=sm_35 -gencode arch=compute_50,code=sm_50 -gencode arch=compute_50,code=compute_50 -c src/caffe/layers/cudnn_sigmoid_layer.cu -o .build_release/src/caffe/layers/cudnn_sigmoid_layer.cuo 2> .build_release/src/caffe/layers/cudnn_sigmoid_layer.cuo.warnings.txt \
		|| (cat .build_release/src/caffe/layers/cudnn_sigmoid_layer.cuo.warnings.txt; exit 1)

/usr/local/cuda-6.5/bin/nvcc -ccbin=g++ -Xcompiler -fPIC -DNDEBUG -O2 -DUSE_CUDNN -I/usr/include/python2.7 -I/usr/lib/python2.7/dist-packages/numpy/core/include -I/usr/local/include -I.build_release/src -I./src -I./include -I/usr/local/cuda-6.5/include -gencode arch=compute_20,code=sm_20 -gencode arch=compute_20,code=sm_21 -gencode arch=compute_30,code=sm_30 -gencode arch=compute_35,code=sm_35 -gencode arch=compute_50,code=sm_50 -gencode arch=compute_50,code=compute_50 -c src/caffe/layers/threshold_layer.cu -o .build_release/src/caffe/layers/threshold_layer.cuo 2> .build_release/src/caffe/layers/threshold_layer.cuo.warnings.txt \
		|| (cat .build_release/src/caffe/layers/threshold_layer.cuo.warnings.txt; exit 1)

/usr/local/cuda-6.5/bin/nvcc -ccbin=g++ -Xcompiler -fPIC -DNDEBUG -O2 -DUSE_CUDNN -I/usr/include/python2.7 -I/usr/lib/python2.7/dist-packages/numpy/core/include -I/usr/local/include -I.build_release/src -I./src -I./include -I/usr/local/cuda-6.5/include -gencode arch=compute_20,code=sm_20 -gencode arch=compute_20,code=sm_21 -gencode arch=compute_30,code=sm_30 -gencode arch=compute_35,code=sm_35 -gencode arch=compute_50,code=sm_50 -gencode arch=compute_50,code=compute_50 -c src/caffe/layers/eltwise_layer.cu -o .build_release/src/caffe/layers/eltwise_layer.cuo 2> .build_release/src/caffe/layers/eltwise_layer.cuo.warnings.txt \
		|| (cat .build_release/src/caffe/layers/eltwise_layer.cuo.warnings.txt; exit 1)

/usr/local/cuda-6.5/bin/nvcc -ccbin=g++ -Xcompiler -fPIC -DNDEBUG -O2 -DUSE_CUDNN -I/usr/include/python2.7 -I/usr/lib/python2.7/dist-packages/numpy/core/include -I/usr/local/include -I.build_release/src -I./src -I./include -I/usr/local/cuda-6.5/include -gencode arch=compute_20,code=sm_20 -gencode arch=compute_20,code=sm_21 -gencode arch=compute_30,code=sm_30 -gencode arch=compute_35,code=sm_35 -gencode arch=compute_50,code=sm_50 -gencode arch=compute_50,code=compute_50 -c src/caffe/layers/softmax_loss_layer.cu -o .build_release/src/caffe/layers/softmax_loss_layer.cuo 2> .build_release/src/caffe/layers/softmax_loss_layer.cuo.warnings.txt \
		|| (cat .build_release/src/caffe/layers/softmax_loss_layer.cuo.warnings.txt; exit 1)

/usr/local/cuda-6.5/bin/nvcc -ccbin=g++ -Xcompiler -fPIC -DNDEBUG -O2 -DUSE_CUDNN -I/usr/include/python2.7 -I/usr/lib/python2.7/dist-packages/numpy/core/include -I/usr/local/include -I.build_release/src -I./src -I./include -I/usr/local/cuda-6.5/include -gencode arch=compute_20,code=sm_20 -gencode arch=compute_20,code=sm_21 -gencode arch=compute_30,code=sm_30 -gencode arch=compute_35,code=sm_35 -gencode arch=compute_50,code=sm_50 -gencode arch=compute_50,code=compute_50 -c src/caffe/layers/mvn_layer.cu -o .build_release/src/caffe/layers/mvn_layer.cuo 2> .build_release/src/caffe/layers/mvn_layer.cuo.warnings.txt \
		|| (cat .build_release/src/caffe/layers/mvn_layer.cuo.warnings.txt; exit 1)

/usr/local/cuda-6.5/bin/nvcc -ccbin=g++ -Xcompiler -fPIC -DNDEBUG -O2 -DUSE_CUDNN -I/usr/include/python2.7 -I/usr/lib/python2.7/dist-packages/numpy/core/include -I/usr/local/include -I.build_release/src -I./src -I./include -I/usr/local/cuda-6.5/include -gencode arch=compute_20,code=sm_20 -gencode arch=compute_20,code=sm_21 -gencode arch=compute_30,code=sm_30 -gencode arch=compute_35,code=sm_35 -gencode arch=compute_50,code=sm_50 -gencode arch=compute_50,code=compute_50 -c src/caffe/layers/absval_layer.cu -o .build_release/src/caffe/layers/absval_layer.cuo 2> .build_release/src/caffe/layers/absval_layer.cuo.warnings.txt \
		|| (cat .build_release/src/caffe/layers/absval_layer.cuo.warnings.txt; exit 1)

/usr/local/cuda-6.5/bin/nvcc -ccbin=g++ -Xcompiler -fPIC -DNDEBUG -O2 -DUSE_CUDNN -I/usr/include/python2.7 -I/usr/lib/python2.7/dist-packages/numpy/core/include -I/usr/local/include -I.build_release/src -I./src -I./include -I/usr/local/cuda-6.5/include -gencode arch=compute_20,code=sm_20 -gencode arch=compute_20,code=sm_21 -gencode arch=compute_30,code=sm_30 -gencode arch=compute_35,code=sm_35 -gencode arch=compute_50,code=sm_50 -gencode arch=compute_50,code=compute_50 -c src/caffe/layers/base_data_layer.cu -o .build_release/src/caffe/layers/base_data_layer.cuo 2> .build_release/src/caffe/layers/base_data_layer.cuo.warnings.txt \
		|| (cat .build_release/src/caffe/layers/base_data_layer.cuo.warnings.txt; exit 1)

/usr/local/cuda-6.5/bin/nvcc -ccbin=g++ -Xcompiler -fPIC -DNDEBUG -O2 -DUSE_CUDNN -I/usr/include/python2.7 -I/usr/lib/python2.7/dist-packages/numpy/core/include -I/usr/local/include -I.build_release/src -I./src -I./include -I/usr/local/cuda-6.5/include -gencode arch=compute_20,code=sm_20 -gencode arch=compute_20,code=sm_21 -gencode arch=compute_30,code=sm_30 -gencode arch=compute_35,code=sm_35 -gencode arch=compute_50,code=sm_50 -gencode arch=compute_50,code=compute_50 -c src/caffe/layers/euclidean_loss_layer.cu -o .build_release/src/caffe/layers/euclidean_loss_layer.cuo 2> .build_release/src/caffe/layers/euclidean_loss_layer.cuo.warnings.txt \
		|| (cat .build_release/src/caffe/layers/euclidean_loss_layer.cuo.warnings.txt; exit 1)

/usr/local/cuda-6.5/bin/nvcc -ccbin=g++ -Xcompiler -fPIC -DNDEBUG -O2 -DUSE_CUDNN -I/usr/include/python2.7 -I/usr/lib/python2.7/dist-packages/numpy/core/include -I/usr/local/include -I.build_release/src -I./src -I./include -I/usr/local/cuda-6.5/include -gencode arch=compute_20,code=sm_20 -gencode arch=compute_20,code=sm_21 -gencode arch=compute_30,code=sm_30 -gencode arch=compute_35,code=sm_35 -gencode arch=compute_50,code=sm_50 -gencode arch=compute_50,code=compute_50 -c src/caffe/layers/flatten_layer.cu -o .build_release/src/caffe/layers/flatten_layer.cuo 2> .build_release/src/caffe/layers/flatten_layer.cuo.warnings.txt \
		|| (cat .build_release/src/caffe/layers/flatten_layer.cuo.warnings.txt; exit 1)

/usr/local/cuda-6.5/bin/nvcc -ccbin=g++ -Xcompiler -fPIC -DNDEBUG -O2 -DUSE_CUDNN -I/usr/include/python2.7 -I/usr/lib/python2.7/dist-packages/numpy/core/include -I/usr/local/include -I.build_release/src -I./src -I./include -I/usr/local/cuda-6.5/include -gencode arch=compute_20,code=sm_20 -gencode arch=compute_20,code=sm_21 -gencode arch=compute_30,code=sm_30 -gencode arch=compute_35,code=sm_35 -gencode arch=compute_50,code=sm_50 -gencode arch=compute_50,code=compute_50 -c src/caffe/layers/split_layer.cu -o .build_release/src/caffe/layers/split_layer.cuo 2> .build_release/src/caffe/layers/split_layer.cuo.warnings.txt \
		|| (cat .build_release/src/caffe/layers/split_layer.cuo.warnings.txt; exit 1)

/usr/local/cuda-6.5/bin/nvcc -ccbin=g++ -Xcompiler -fPIC -DNDEBUG -O2 -DUSE_CUDNN -I/usr/include/python2.7 -I/usr/lib/python2.7/dist-packages/numpy/core/include -I/usr/local/include -I.build_release/src -I./src -I./include -I/usr/local/cuda-6.5/include -gencode arch=compute_20,code=sm_20 -gencode arch=compute_20,code=sm_21 -gencode arch=compute_30,code=sm_30 -gencode arch=compute_35,code=sm_35 -gencode arch=compute_50,code=sm_50 -gencode arch=compute_50,code=compute_50 -c src/caffe/layers/cudnn_tanh_layer.cu -o .build_release/src/caffe/layers/cudnn_tanh_layer.cuo 2> .build_release/src/caffe/layers/cudnn_tanh_layer.cuo.warnings.txt \
		|| (cat .build_release/src/caffe/layers/cudnn_tanh_layer.cuo.warnings.txt; exit 1)

/usr/local/cuda-6.5/bin/nvcc -ccbin=g++ -Xcompiler -fPIC -DNDEBUG -O2 -DUSE_CUDNN -I/usr/include/python2.7 -I/usr/lib/python2.7/dist-packages/numpy/core/include -I/usr/local/include -I.build_release/src -I./src -I./include -I/usr/local/cuda-6.5/include -gencode arch=compute_20,code=sm_20 -gencode arch=compute_20,code=sm_21 -gencode arch=compute_30,code=sm_30 -gencode arch=compute_35,code=sm_35 -gencode arch=compute_50,code=sm_50 -gencode arch=compute_50,code=compute_50 -c src/caffe/layers/pooling_layer.cu -o .build_release/src/caffe/layers/pooling_layer.cuo 2> .build_release/src/caffe/layers/pooling_layer.cuo.warnings.txt \
		|| (cat .build_release/src/caffe/layers/pooling_layer.cuo.warnings.txt; exit 1)

/usr/local/cuda-6.5/bin/nvcc -ccbin=g++ -Xcompiler -fPIC -DNDEBUG -O2 -DUSE_CUDNN -I/usr/include/python2.7 -I/usr/lib/python2.7/dist-packages/numpy/core/include -I/usr/local/include -I.build_release/src -I./src -I./include -I/usr/local/cuda-6.5/include -gencode arch=compute_20,code=sm_20 -gencode arch=compute_20,code=sm_21 -gencode arch=compute_30,code=sm_30 -gencode arch=compute_35,code=sm_35 -gencode arch=compute_50,code=sm_50 -gencode arch=compute_50,code=compute_50 -c src/caffe/layers/tanh_layer.cu -o .build_release/src/caffe/layers/tanh_layer.cuo 2> .build_release/src/caffe/layers/tanh_layer.cuo.warnings.txt \
		|| (cat .build_release/src/caffe/layers/tanh_layer.cuo.warnings.txt; exit 1)

/usr/local/cuda-6.5/bin/nvcc -ccbin=g++ -Xcompiler -fPIC -DNDEBUG -O2 -DUSE_CUDNN -I/usr/include/python2.7 -I/usr/lib/python2.7/dist-packages/numpy/core/include -I/usr/local/include -I.build_release/src -I./src -I./include -I/usr/local/cuda-6.5/include -gencode arch=compute_20,code=sm_20 -gencode arch=compute_20,code=sm_21 -gencode arch=compute_30,code=sm_30 -gencode arch=compute_35,code=sm_35 -gencode arch=compute_50,code=sm_50 -gencode arch=compute_50,code=compute_50 -c src/caffe/layers/sigmoid_cross_entropy_loss_layer.cu -o .build_release/src/caffe/layers/sigmoid_cross_entropy_loss_layer.cuo 2> .build_release/src/caffe/layers/sigmoid_cross_entropy_loss_layer.cuo.warnings.txt \
		|| (cat .build_release/src/caffe/layers/sigmoid_cross_entropy_loss_layer.cuo.warnings.txt; exit 1)

/usr/local/cuda-6.5/bin/nvcc -ccbin=g++ -Xcompiler -fPIC -DNDEBUG -O2 -DUSE_CUDNN -I/usr/include/python2.7 -I/usr/lib/python2.7/dist-packages/numpy/core/include -I/usr/local/include -I.build_release/src -I./src -I./include -I/usr/local/cuda-6.5/include -gencode arch=compute_20,code=sm_20 -gencode arch=compute_20,code=sm_21 -gencode arch=compute_30,code=sm_30 -gencode arch=compute_35,code=sm_35 -gencode arch=compute_50,code=sm_50 -gencode arch=compute_50,code=compute_50 -c src/caffe/layers/hdf5_data_layer.cu -o .build_release/src/caffe/layers/hdf5_data_layer.cuo 2> .build_release/src/caffe/layers/hdf5_data_layer.cuo.warnings.txt \
		|| (cat .build_release/src/caffe/layers/hdf5_data_layer.cuo.warnings.txt; exit 1)

/usr/local/cuda-6.5/bin/nvcc -ccbin=g++ -Xcompiler -fPIC -DNDEBUG -O2 -DUSE_CUDNN -I/usr/include/python2.7 -I/usr/lib/python2.7/dist-packages/numpy/core/include -I/usr/local/include -I.build_release/src -I./src -I./include -I/usr/local/cuda-6.5/include -gencode arch=compute_20,code=sm_20 -gencode arch=compute_20,code=sm_21 -gencode arch=compute_30,code=sm_30 -gencode arch=compute_35,code=sm_35 -gencode arch=compute_50,code=sm_50 -gencode arch=compute_50,code=compute_50 -c src/caffe/layers/sigmoid_layer.cu -o .build_release/src/caffe/layers/sigmoid_layer.cuo 2> .build_release/src/caffe/layers/sigmoid_layer.cuo.warnings.txt \
		|| (cat .build_release/src/caffe/layers/sigmoid_layer.cuo.warnings.txt; exit 1)

/usr/local/cuda-6.5/bin/nvcc -ccbin=g++ -Xcompiler -fPIC -DNDEBUG -O2 -DUSE_CUDNN -I/usr/include/python2.7 -I/usr/lib/python2.7/dist-packages/numpy/core/include -I/usr/local/include -I.build_release/src -I./src -I./include -I/usr/local/cuda-6.5/include -gencode arch=compute_20,code=sm_20 -gencode arch=compute_20,code=sm_21 -gencode arch=compute_30,code=sm_30 -gencode arch=compute_35,code=sm_35 -gencode arch=compute_50,code=sm_50 -gencode arch=compute_50,code=compute_50 -c src/caffe/layers/power_layer.cu -o .build_release/src/caffe/layers/power_layer.cuo 2> .build_release/src/caffe/layers/power_layer.cuo.warnings.txt \
		|| (cat .build_release/src/caffe/layers/power_layer.cuo.warnings.txt; exit 1)

/usr/local/cuda-6.5/bin/nvcc -ccbin=g++ -Xcompiler -fPIC -DNDEBUG -O2 -DUSE_CUDNN -I/usr/include/python2.7 -I/usr/lib/python2.7/dist-packages/numpy/core/include -I/usr/local/include -I.build_release/src -I./src -I./include -I/usr/local/cuda-6.5/include -gencode arch=compute_20,code=sm_20 -gencode arch=compute_20,code=sm_21 -gencode arch=compute_30,code=sm_30 -gencode arch=compute_35,code=sm_35 -gencode arch=compute_50,code=sm_50 -gencode arch=compute_50,code=compute_50 -c src/caffe/layers/im2col_layer.cu -o .build_release/src/caffe/layers/im2col_layer.cuo 2> .build_release/src/caffe/layers/im2col_layer.cuo.warnings.txt \
		|| (cat .build_release/src/caffe/layers/im2col_layer.cuo.warnings.txt; exit 1)

/usr/local/cuda-6.5/bin/nvcc -ccbin=g++ -Xcompiler -fPIC -DNDEBUG -O2 -DUSE_CUDNN -I/usr/include/python2.7 -I/usr/lib/python2.7/dist-packages/numpy/core/include -I/usr/local/include -I.build_release/src -I./src -I./include -I/usr/local/cuda-6.5/include -gencode arch=compute_20,code=sm_20 -gencode arch=compute_20,code=sm_21 -gencode arch=compute_30,code=sm_30 -gencode arch=compute_35,code=sm_35 -gencode arch=compute_50,code=sm_50 -gencode arch=compute_50,code=compute_50 -c src/caffe/layers/inner_product_layer.cu -o .build_release/src/caffe/layers/inner_product_layer.cuo 2> .build_release/src/caffe/layers/inner_product_layer.cuo.warnings.txt \
		|| (cat .build_release/src/caffe/layers/inner_product_layer.cuo.warnings.txt; exit 1)

/usr/local/cuda-6.5/bin/nvcc -ccbin=g++ -Xcompiler -fPIC -DNDEBUG -O2 -DUSE_CUDNN -I/usr/include/python2.7 -I/usr/lib/python2.7/dist-packages/numpy/core/include -I/usr/local/include -I.build_release/src -I./src -I./include -I/usr/local/cuda-6.5/include -gencode arch=compute_20,code=sm_20 -gencode arch=compute_20,code=sm_21 -gencode arch=compute_30,code=sm_30 -gencode arch=compute_35,code=sm_35 -gencode arch=compute_50,code=sm_50 -gencode arch=compute_50,code=compute_50 -c src/caffe/layers/lrn_layer.cu -o .build_release/src/caffe/layers/lrn_layer.cuo 2> .build_release/src/caffe/layers/lrn_layer.cuo.warnings.txt \
		|| (cat .build_release/src/caffe/layers/lrn_layer.cuo.warnings.txt; exit 1)

/usr/local/cuda-6.5/bin/nvcc -ccbin=g++ -Xcompiler -fPIC -DNDEBUG -O2 -DUSE_CUDNN -I/usr/include/python2.7 -I/usr/lib/python2.7/dist-packages/numpy/core/include -I/usr/local/include -I.build_release/src -I./src -I./include -I/usr/local/cuda-6.5/include -gencode arch=compute_20,code=sm_20 -gencode arch=compute_20,code=sm_21 -gencode arch=compute_30,code=sm_30 -gencode arch=compute_35,code=sm_35 -gencode arch=compute_50,code=sm_50 -gencode arch=compute_50,code=compute_50 -c src/caffe/layers/cudnn_pooling_layer.cu -o .build_release/src/caffe/layers/cudnn_pooling_layer.cuo 2> .build_release/src/caffe/layers/cudnn_pooling_layer.cuo.warnings.txt \
		|| (cat .build_release/src/caffe/layers/cudnn_pooling_layer.cuo.warnings.txt; exit 1)

/usr/local/cuda-6.5/bin/nvcc -ccbin=g++ -Xcompiler -fPIC -DNDEBUG -O2 -DUSE_CUDNN -I/usr/include/python2.7 -I/usr/lib/python2.7/dist-packages/numpy/core/include -I/usr/local/include -I.build_release/src -I./src -I./include -I/usr/local/cuda-6.5/include -gencode arch=compute_20,code=sm_20 -gencode arch=compute_20,code=sm_21 -gencode arch=compute_30,code=sm_30 -gencode arch=compute_35,code=sm_35 -gencode arch=compute_50,code=sm_50 -gencode arch=compute_50,code=compute_50 -c src/caffe/layers/contrastive_loss_layer.cu -o .build_release/src/caffe/layers/contrastive_loss_layer.cuo 2> .build_release/src/caffe/layers/contrastive_loss_layer.cuo.warnings.txt \
		|| (cat .build_release/src/caffe/layers/contrastive_loss_layer.cuo.warnings.txt; exit 1)

/usr/local/cuda-6.5/bin/nvcc -ccbin=g++ -Xcompiler -fPIC -DNDEBUG -O2 -DUSE_CUDNN -I/usr/include/python2.7 -I/usr/lib/python2.7/dist-packages/numpy/core/include -I/usr/local/include -I.build_release/src -I./src -I./include -I/usr/local/cuda-6.5/include -gencode arch=compute_20,code=sm_20 -gencode arch=compute_20,code=sm_21 -gencode arch=compute_30,code=sm_30 -gencode arch=compute_35,code=sm_35 -gencode arch=compute_50,code=sm_50 -gencode arch=compute_50,code=compute_50 -c src/caffe/layers/dropout_layer.cu -o .build_release/src/caffe/layers/dropout_layer.cuo 2> .build_release/src/caffe/layers/dropout_layer.cuo.warnings.txt \
		|| (cat .build_release/src/caffe/layers/dropout_layer.cuo.warnings.txt; exit 1)

/usr/local/cuda-6.5/bin/nvcc -ccbin=g++ -Xcompiler -fPIC -DNDEBUG -O2 -DUSE_CUDNN -I/usr/include/python2.7 -I/usr/lib/python2.7/dist-packages/numpy/core/include -I/usr/local/include -I.build_release/src -I./src -I./include -I/usr/local/cuda-6.5/include -gencode arch=compute_20,code=sm_20 -gencode arch=compute_20,code=sm_21 -gencode arch=compute_30,code=sm_30 -gencode arch=compute_35,code=sm_35 -gencode arch=compute_50,code=sm_50 -gencode arch=compute_50,code=compute_50 -c src/caffe/layers/softmax_layer.cu -o .build_release/src/caffe/layers/softmax_layer.cuo 2> .build_release/src/caffe/layers/softmax_layer.cuo.warnings.txt \
		|| (cat .build_release/src/caffe/layers/softmax_layer.cuo.warnings.txt; exit 1)

/usr/local/cuda-6.5/bin/nvcc -ccbin=g++ -Xcompiler -fPIC -DNDEBUG -O2 -DUSE_CUDNN -I/usr/include/python2.7 -I/usr/lib/python2.7/dist-packages/numpy/core/include -I/usr/local/include -I.build_release/src -I./src -I./include -I/usr/local/cuda-6.5/include -gencode arch=compute_20,code=sm_20 -gencode arch=compute_20,code=sm_21 -gencode arch=compute_30,code=sm_30 -gencode arch=compute_35,code=sm_35 -gencode arch=compute_50,code=sm_50 -gencode arch=compute_50,code=compute_50 -c src/caffe/layers/cudnn_softmax_layer.cu -o .build_release/src/caffe/layers/cudnn_softmax_layer.cuo 2> .build_release/src/caffe/layers/cudnn_softmax_layer.cuo.warnings.txt \
		|| (cat .build_release/src/caffe/layers/cudnn_softmax_layer.cuo.warnings.txt; exit 1)

/usr/local/cuda-6.5/bin/nvcc -ccbin=g++ -Xcompiler -fPIC -DNDEBUG -O2 -DUSE_CUDNN -I/usr/include/python2.7 -I/usr/lib/python2.7/dist-packages/numpy/core/include -I/usr/local/include -I.build_release/src -I./src -I./include -I/usr/local/cuda-6.5/include -gencode arch=compute_20,code=sm_20 -gencode arch=compute_20,code=sm_21 -gencode arch=compute_30,code=sm_30 -gencode arch=compute_35,code=sm_35 -gencode arch=compute_50,code=sm_50 -gencode arch=compute_50,code=compute_50 -c src/caffe/layers/conv_layer.cu -o .build_release/src/caffe/layers/conv_layer.cuo 2> .build_release/src/caffe/layers/conv_layer.cuo.warnings.txt \
		|| (cat .build_release/src/caffe/layers/conv_layer.cuo.warnings.txt; exit 1)

/usr/local/cuda-6.5/bin/nvcc -ccbin=g++ -Xcompiler -fPIC -DNDEBUG -O2 -DUSE_CUDNN -I/usr/include/python2.7 -I/usr/lib/python2.7/dist-packages/numpy/core/include -I/usr/local/include -I.build_release/src -I./src -I./include -I/usr/local/cuda-6.5/include -gencode arch=compute_20,code=sm_20 -gencode arch=compute_20,code=sm_21 -gencode arch=compute_30,code=sm_30 -gencode arch=compute_35,code=sm_35 -gencode arch=compute_50,code=sm_50 -gencode arch=compute_50,code=compute_50 -c src/caffe/layers/concat_layer.cu -o .build_release/src/caffe/layers/concat_layer.cuo 2> .build_release/src/caffe/layers/concat_layer.cuo.warnings.txt \
		|| (cat .build_release/src/caffe/layers/concat_layer.cuo.warnings.txt; exit 1)

/usr/local/cuda-6.5/bin/nvcc -ccbin=g++ -Xcompiler -fPIC -DNDEBUG -O2 -DUSE_CUDNN -I/usr/include/python2.7 -I/usr/lib/python2.7/dist-packages/numpy/core/include -I/usr/local/include -I.build_release/src -I./src -I./include -I/usr/local/cuda-6.5/include -gencode arch=compute_20,code=sm_20 -gencode arch=compute_20,code=sm_21 -gencode arch=compute_30,code=sm_30 -gencode arch=compute_35,code=sm_35 -gencode arch=compute_50,code=sm_50 -gencode arch=compute_50,code=compute_50 -c src/caffe/layers/silence_layer.cu -o .build_release/src/caffe/layers/silence_layer.cuo 2> .build_release/src/caffe/layers/silence_layer.cuo.warnings.txt \
		|| (cat .build_release/src/caffe/layers/silence_layer.cuo.warnings.txt; exit 1)

/usr/local/cuda-6.5/bin/nvcc -ccbin=g++ -Xcompiler -fPIC -DNDEBUG -O2 -DUSE_CUDNN -I/usr/include/python2.7 -I/usr/lib/python2.7/dist-packages/numpy/core/include -I/usr/local/include -I.build_release/src -I./src -I./include -I/usr/local/cuda-6.5/include -gencode arch=compute_20,code=sm_20 -gencode arch=compute_20,code=sm_21 -gencode arch=compute_30,code=sm_30 -gencode arch=compute_35,code=sm_35 -gencode arch=compute_50,code=sm_50 -gencode arch=compute_50,code=compute_50 -c src/caffe/layers/bnll_layer.cu -o .build_release/src/caffe/layers/bnll_layer.cuo 2> .build_release/src/caffe/layers/bnll_layer.cuo.warnings.txt \
		|| (cat .build_release/src/caffe/layers/bnll_layer.cuo.warnings.txt; exit 1)

/usr/local/cuda-6.5/bin/nvcc -ccbin=g++ -Xcompiler -fPIC -DNDEBUG -O2 -DUSE_CUDNN -I/usr/include/python2.7 -I/usr/lib/python2.7/dist-packages/numpy/core/include -I/usr/local/include -I.build_release/src -I./src -I./include -I/usr/local/cuda-6.5/include -gencode arch=compute_20,code=sm_20 -gencode arch=compute_20,code=sm_21 -gencode arch=compute_30,code=sm_30 -gencode arch=compute_35,code=sm_35 -gencode arch=compute_50,code=sm_50 -gencode arch=compute_50,code=compute_50 -c src/caffe/layers/cudnn_conv_layer.cu -o .build_release/src/caffe/layers/cudnn_conv_layer.cuo 2> .build_release/src/caffe/layers/cudnn_conv_layer.cuo.warnings.txt \
		|| (cat .build_release/src/caffe/layers/cudnn_conv_layer.cuo.warnings.txt; exit 1)

/usr/local/cuda-6.5/bin/nvcc -ccbin=g++ -Xcompiler -fPIC -DNDEBUG -O2 -DUSE_CUDNN -I/usr/include/python2.7 -I/usr/lib/python2.7/dist-packages/numpy/core/include -I/usr/local/include -I.build_release/src -I./src -I./include -I/usr/local/cuda-6.5/include -gencode arch=compute_20,code=sm_20 -gencode arch=compute_20,code=sm_21 -gencode arch=compute_30,code=sm_30 -gencode arch=compute_35,code=sm_35 -gencode arch=compute_50,code=sm_50 -gencode arch=compute_50,code=compute_50 -c src/caffe/layers/hdf5_output_layer.cu -o .build_release/src/caffe/layers/hdf5_output_layer.cuo 2> .build_release/src/caffe/layers/hdf5_output_layer.cuo.warnings.txt \
		|| (cat .build_release/src/caffe/layers/hdf5_output_layer.cuo.warnings.txt; exit 1)

/usr/local/cuda-6.5/bin/nvcc -ccbin=g++ -Xcompiler -fPIC -DNDEBUG -O2 -DUSE_CUDNN -I/usr/include/python2.7 -I/usr/lib/python2.7/dist-packages/numpy/core/include -I/usr/local/include -I.build_release/src -I./src -I./include -I/usr/local/cuda-6.5/include -gencode arch=compute_20,code=sm_20 -gencode arch=compute_20,code=sm_21 -gencode arch=compute_30,code=sm_30 -gencode arch=compute_35,code=sm_35 -gencode arch=compute_50,code=sm_50 -gencode arch=compute_50,code=compute_50 -c src/caffe/layers/cudnn_relu_layer.cu -o .build_release/src/caffe/layers/cudnn_relu_layer.cuo 2> .build_release/src/caffe/layers/cudnn_relu_layer.cuo.warnings.txt \
		|| (cat .build_release/src/caffe/layers/cudnn_relu_layer.cuo.warnings.txt; exit 1)

g++ -shared -o .build_release/lib/libcaffe.so .build_release/src/caffe/proto/caffe_pretty_print.pb.o .build_release/src/caffe/proto/caffe.pb.o .build_release/src/caffe/layer_factory.o .build_release/src/caffe/data_transformer.o .build_release/src/caffe/util/insert_splits.o .build_release/src/caffe/util/io.o .build_release/src/caffe/util/im2col.o .build_release/src/caffe/util/benchmark.o .build_release/src/caffe/util/math_functions.o .build_release/src/caffe/util/upgrade_proto.o .build_release/src/caffe/common.o .build_release/src/caffe/blob.o .build_release/src/caffe/syncedmem.o .build_release/src/caffe/net.o .build_release/src/caffe/solver.o .build_release/src/caffe/layers/relu_layer.o .build_release/src/caffe/layers/power_layer.o .build_release/src/caffe/layers/hdf5_data_layer.o .build_release/src/caffe/layers/loss_layer.o .build_release/src/caffe/layers/mvn_layer.o .build_release/src/caffe/layers/split_layer.o .build_release/src/caffe/layers/cudnn_relu_layer.o .build_release/src/caffe/layers/cudnn_conv_layer.o .build_release/src/caffe/layers/pooling_layer.o .build_release/src/caffe/layers/image_data_layer.o .build_release/src/caffe/layers/dummy_data_layer.o .build_release/src/caffe/layers/cudnn_pooling_layer.o .build_release/src/caffe/layers/base_data_layer.o .build_release/src/caffe/layers/accuracy_layer.o .build_release/src/caffe/layers/slice_layer.o .build_release/src/caffe/layers/data_layer.o .build_release/src/caffe/layers/argmax_layer.o .build_release/src/caffe/layers/window_data_layer.o .build_release/src/caffe/layers/softmax_layer.o .build_release/src/caffe/layers/hinge_loss_layer.o .build_release/src/caffe/layers/softmax_loss_layer.o .build_release/src/caffe/layers/absval_layer.o .build_release/src/caffe/layers/sigmoid_layer.o .build_release/src/caffe/layers/silence_layer.o .build_release/src/caffe/layers/inner_product_layer.o .build_release/src/caffe/layers/threshold_layer.o .build_release/src/caffe/layers/tanh_layer.o .build_release/src/caffe/layers/eltwise_layer.o .build_release/src/caffe/layers/cudnn_sigmoid_layer.o .build_release/src/caffe/layers/neuron_layer.o .build_release/src/caffe/layers/flatten_layer.o .build_release/src/caffe/layers/cudnn_softmax_layer.o .build_release/src/caffe/layers/im2col_layer.o .build_release/src/caffe/layers/infogain_loss_layer.o .build_release/src/caffe/layers/euclidean_loss_layer.o .build_release/src/caffe/layers/hdf5_output_layer.o .build_release/src/caffe/layers/contrastive_loss_layer.o .build_release/src/caffe/layers/multinomial_logistic_loss_layer.o .build_release/src/caffe/layers/bnll_layer.o .build_release/src/caffe/layers/concat_layer.o .build_release/src/caffe/layers/memory_data_layer.o .build_release/src/caffe/layers/cudnn_tanh_layer.o .build_release/src/caffe/layers/lrn_layer.o .build_release/src/caffe/layers/conv_layer.o .build_release/src/caffe/layers/sigmoid_cross_entropy_loss_layer.o .build_release/src/caffe/layers/dropout_layer.o .build_release/src/caffe/internal_thread.o .build_release/src/caffe/util/im2col.cuo .build_release/src/caffe/util/math_functions.cuo .build_release/src/caffe/layers/relu_layer.cuo .build_release/src/caffe/layers/slice_layer.cuo .build_release/src/caffe/layers/cudnn_sigmoid_layer.cuo .build_release/src/caffe/layers/threshold_layer.cuo .build_release/src/caffe/layers/eltwise_layer.cuo .build_release/src/caffe/layers/softmax_loss_layer.cuo .build_release/src/caffe/layers/mvn_layer.cuo .build_release/src/caffe/layers/absval_layer.cuo .build_release/src/caffe/layers/base_data_layer.cuo .build_release/src/caffe/layers/euclidean_loss_layer.cuo .build_release/src/caffe/layers/flatten_layer.cuo .build_release/src/caffe/layers/split_layer.cuo .build_release/src/caffe/layers/cudnn_tanh_layer.cuo .build_release/src/caffe/layers/pooling_layer.cuo .build_release/src/caffe/layers/tanh_layer.cuo .build_release/src/caffe/layers/sigmoid_cross_entropy_loss_layer.cuo .build_release/src/caffe/layers/hdf5_data_layer.cuo .build_release/src/caffe/layers/sigmoid_layer.cuo .build_release/src/caffe/layers/power_layer.cuo .build_release/src/caffe/layers/im2col_layer.cuo .build_release/src/caffe/layers/inner_product_layer.cuo .build_release/src/caffe/layers/lrn_layer.cuo .build_release/src/caffe/layers/cudnn_pooling_layer.cuo .build_release/src/caffe/layers/contrastive_loss_layer.cuo .build_release/src/caffe/layers/dropout_layer.cuo .build_release/src/caffe/layers/softmax_layer.cuo .build_release/src/caffe/layers/cudnn_softmax_layer.cuo .build_release/src/caffe/layers/conv_layer.cuo .build_release/src/caffe/layers/concat_layer.cuo .build_release/src/caffe/layers/silence_layer.cuo .build_release/src/caffe/layers/bnll_layer.cuo .build_release/src/caffe/layers/cudnn_conv_layer.cuo .build_release/src/caffe/layers/hdf5_output_layer.cuo .build_release/src/caffe/layers/cudnn_relu_layer.cuo -fPIC -DNDEBUG -O2 -DUSE_CUDNN -I/usr/include/python2.7 -I/usr/lib/python2.7/dist-packages/numpy/core/include -I/usr/local/include -I.build_release/src -I./src -I./include -I/usr/local/cuda-6.5/include -Wall -Wno-sign-compare -L/usr/lib -L/usr/local/lib -L/usr/lib -L/usr/local/cuda-6.5/lib64 -L/usr/local/cuda-6.5/lib -lcudart -lcublas -lcurand -lglog -lgflags -lprotobuf -lleveldb -lsnappy -llmdb -lboost_system -lhdf5_hl -lhdf5 -lopencv_core -lopencv_highgui -lopencv_imgproc -lpthread -lboost_thread -lcudnn -lcblas -latlas
g++ -shared -o .build_release/lib/libcaffe.so .build_release/src/caffe/proto/caffe_pretty_print.pb.o .build_release/src/caffe/proto/caffe.pb.o .build_release/src/caffe/layer_factory.o .build_release/src/caffe/data_transformer.o .build_release/src/caffe/util/insert_splits.o .build_release/src/caffe/util/io.o .build_release/src/caffe/util/im2col.o .build_release/src/caffe/util/benchmark.o .build_release/src/caffe/util/math_functions.o .build_release/src/caffe/util/upgrade_proto.o .build_release/src/caffe/common.o .build_release/src/caffe/blob.o .build_release/src/caffe/syncedmem.o .build_release/src/caffe/net.o .build_release/src/caffe/solver.o .build_release/src/caffe/layers/relu_layer.o .build_release/src/caffe/layers/power_layer.o .build_release/src/caffe/layers/hdf5_data_layer.o .build_release/src/caffe/layers/loss_layer.o .build_release/src/caffe/layers/mvn_layer.o .build_release/src/caffe/layers/split_layer.o .build_release/src/caffe/layers/cudnn_relu_layer.o .build_release/src/caffe/layers/cudnn_conv_layer.o .build_release/src/caffe/layers/pooling_layer.o .build_release/src/caffe/layers/image_data_layer.o .build_release/src/caffe/layers/dummy_data_layer.o .build_release/src/caffe/layers/cudnn_pooling_layer.o .build_release/src/caffe/layers/base_data_layer.o .build_release/src/caffe/layers/accuracy_layer.o .build_release/src/caffe/layers/slice_layer.o .build_release/src/caffe/layers/data_layer.o .build_release/src/caffe/layers/argmax_layer.o .build_release/src/caffe/layers/window_data_layer.o .build_release/src/caffe/layers/softmax_layer.o .build_release/src/caffe/layers/hinge_loss_layer.o .build_release/src/caffe/layers/softmax_loss_layer.o .build_release/src/caffe/layers/absval_layer.o .build_release/src/caffe/layers/sigmoid_layer.o .build_release/src/caffe/layers/silence_layer.o .build_release/src/caffe/layers/inner_product_layer.o .build_release/src/caffe/layers/threshold_layer.o .build_release/src/caffe/layers/tanh_layer.o .build_release/src/caffe/layers/eltwise_layer.o .build_release/src/caffe/layers/cudnn_sigmoid_layer.o .build_release/src/caffe/layers/neuron_layer.o .build_release/src/caffe/layers/flatten_layer.o .build_release/src/caffe/layers/cudnn_softmax_layer.o .build_release/src/caffe/layers/im2col_layer.o .build_release/src/caffe/layers/infogain_loss_layer.o .build_release/src/caffe/layers/euclidean_loss_layer.o .build_release/src/caffe/layers/hdf5_output_layer.o .build_release/src/caffe/layers/contrastive_loss_layer.o .build_release/src/caffe/layers/multinomial_logistic_loss_layer.o .build_release/src/caffe/layers/bnll_layer.o .build_release/src/caffe/layers/concat_layer.o .build_release/src/caffe/layers/memory_data_layer.o .build_release/src/caffe/layers/cudnn_tanh_layer.o .build_release/src/caffe/layers/lrn_layer.o .build_release/src/caffe/layers/conv_layer.o .build_release/src/caffe/layers/sigmoid_cross_entropy_loss_layer.o .build_release/src/caffe/layers/dropout_layer.o .build_release/src/caffe/internal_thread.o .build_release/src/caffe/util/im2col.cuo .build_release/src/caffe/util/math_functions.cuo .build_release/src/caffe/layers/relu_layer.cuo .build_release/src/caffe/layers/slice_layer.cuo .build_release/src/caffe/layers/cudnn_sigmoid_layer.cuo .build_release/src/caffe/layers/threshold_layer.cuo .build_release/src/caffe/layers/eltwise_layer.cuo .build_release/src/caffe/layers/softmax_loss_layer.cuo .build_release/src/caffe/layers/mvn_layer.cuo .build_release/src/caffe/layers/absval_layer.cuo .build_release/src/caffe/layers/base_data_layer.cuo .build_release/src/caffe/layers/euclidean_loss_layer.cuo .build_release/src/caffe/layers/flatten_layer.cuo .build_release/src/caffe/layers/split_layer.cuo .build_release/src/caffe/layers/cudnn_tanh_layer.cuo .build_release/src/caffe/layers/pooling_layer.cuo .build_release/src/caffe/layers/tanh_layer.cuo .build_release/src/caffe/layers/sigmoid_cross_entropy_loss_layer.cuo .build_release/src/caffe/layers/hdf5_data_layer.cuo .build_release/src/caffe/layers/sigmoid_layer.cuo .build_release/src/caffe/layers/power_layer.cuo .build_release/src/caffe/layers/im2col_layer.cuo .build_release/src/caffe/layers/inner_product_layer.cuo .build_release/src/caffe/layers/lrn_layer.cuo .build_release/src/caffe/layers/cudnn_pooling_layer.cuo .build_release/src/caffe/layers/contrastive_loss_layer.cuo .build_release/src/caffe/layers/dropout_layer.cuo .build_release/src/caffe/layers/softmax_layer.cuo .build_release/src/caffe/layers/cudnn_softmax_layer.cuo .build_release/src/caffe/layers/conv_layer.cuo .build_release/src/caffe/layers/concat_layer.cuo .build_release/src/caffe/layers/silence_layer.cuo .build_release/src/caffe/layers/bnll_layer.cuo .build_release/src/caffe/layers/cudnn_conv_layer.cuo .build_release/src/caffe/layers/hdf5_output_layer.cuo .build_release/src/caffe/layers/cudnn_relu_layer.cuo -fPIC -DNDEBUG -O2 -DUSE_CUDNN -I/usr/include/python2.7 -I/usr/lib/python2.7/dist-packages/numpy/core/include -I/usr/local/include -I.build_release/src -I./src -I./include -I/usr/local/cuda-6.5/include -Wall -Wno-sign-compare -L/usr/lib -L/usr/local/lib -L/usr/lib -L/usr/local/cuda-6.5/lib64 -L/usr/local/cuda-6.5/lib -lcudart -lcublas -lcurand -lglog -lgflags -lprotobuf -lleveldb -lsnappy -llmdb -lboost_system -lhdf5_hl -lhdf5 -lopencv_core -lopencv_highgui -lopencv_imgproc -lpthread -lboost_thread -lcudnn -lcblas -latlas

ar rcs .build_release/lib/libcaffe.a .build_release/src/caffe/proto/caffe_pretty_print.pb.o .build_release/src/caffe/proto/caffe.pb.o .build_release/src/caffe/proto/caffe_pretty_print.pb.o .build_release/src/caffe/proto/caffe.pb.o .build_release/src/caffe/layer_factory.o .build_release/src/caffe/data_transformer.o .build_release/src/caffe/util/insert_splits.o .build_release/src/caffe/util/io.o .build_release/src/caffe/util/im2col.o .build_release/src/caffe/util/benchmark.o .build_release/src/caffe/util/math_functions.o .build_release/src/caffe/util/upgrade_proto.o .build_release/src/caffe/common.o .build_release/src/caffe/blob.o .build_release/src/caffe/syncedmem.o .build_release/src/caffe/net.o .build_release/src/caffe/solver.o .build_release/src/caffe/layers/relu_layer.o .build_release/src/caffe/layers/power_layer.o .build_release/src/caffe/layers/hdf5_data_layer.o .build_release/src/caffe/layers/loss_layer.o .build_release/src/caffe/layers/mvn_layer.o .build_release/src/caffe/layers/split_layer.o .build_release/src/caffe/layers/cudnn_relu_layer.o .build_release/src/caffe/layers/cudnn_conv_layer.o .build_release/src/caffe/layers/pooling_layer.o .build_release/src/caffe/layers/image_data_layer.o .build_release/src/caffe/layers/dummy_data_layer.o .build_release/src/caffe/layers/cudnn_pooling_layer.o .build_release/src/caffe/layers/base_data_layer.o .build_release/src/caffe/layers/accuracy_layer.o .build_release/src/caffe/layers/slice_layer.o .build_release/src/caffe/layers/data_layer.o .build_release/src/caffe/layers/argmax_layer.o .build_release/src/caffe/layers/window_data_layer.o .build_release/src/caffe/layers/softmax_layer.o .build_release/src/caffe/layers/hinge_loss_layer.o .build_release/src/caffe/layers/softmax_loss_layer.o .build_release/src/caffe/layers/absval_layer.o .build_release/src/caffe/layers/sigmoid_layer.o .build_release/src/caffe/layers/silence_layer.o .build_release/src/caffe/layers/inner_product_layer.o .build_release/src/caffe/layers/threshold_layer.o .build_release/src/caffe/layers/tanh_layer.o .build_release/src/caffe/layers/eltwise_layer.o .build_release/src/caffe/layers/cudnn_sigmoid_layer.o .build_release/src/caffe/layers/neuron_layer.o .build_release/src/caffe/layers/flatten_layer.o .build_release/src/caffe/layers/cudnn_softmax_layer.o .build_release/src/caffe/layers/im2col_layer.o .build_release/src/caffe/layers/infogain_loss_layer.o .build_release/src/caffe/layers/euclidean_loss_layer.o .build_release/src/caffe/layers/hdf5_output_layer.o .build_release/src/caffe/layers/contrastive_loss_layer.o .build_release/src/caffe/layers/multinomial_logistic_loss_layer.o .build_release/src/caffe/layers/bnll_layer.o .build_release/src/caffe/layers/concat_layer.o .build_release/src/caffe/layers/memory_data_layer.o .build_release/src/caffe/layers/cudnn_tanh_layer.o .build_release/src/caffe/layers/lrn_layer.o .build_release/src/caffe/layers/conv_layer.o .build_release/src/caffe/layers/sigmoid_cross_entropy_loss_layer.o .build_release/src/caffe/layers/dropout_layer.o .build_release/src/caffe/internal_thread.o .build_release/src/caffe/util/im2col.cuo .build_release/src/caffe/util/math_functions.cuo .build_release/src/caffe/layers/relu_layer.cuo .build_release/src/caffe/layers/slice_layer.cuo .build_release/src/caffe/layers/cudnn_sigmoid_layer.cuo .build_release/src/caffe/layers/threshold_layer.cuo .build_release/src/caffe/layers/eltwise_layer.cuo .build_release/src/caffe/layers/softmax_loss_layer.cuo .build_release/src/caffe/layers/mvn_layer.cuo .build_release/src/caffe/layers/absval_layer.cuo .build_release/src/caffe/layers/base_data_layer.cuo .build_release/src/caffe/layers/euclidean_loss_layer.cuo .build_release/src/caffe/layers/flatten_layer.cuo .build_release/src/caffe/layers/split_layer.cuo .build_release/src/caffe/layers/cudnn_tanh_layer.cuo .build_release/src/caffe/layers/pooling_layer.cuo .build_release/src/caffe/layers/tanh_layer.cuo .build_release/src/caffe/layers/sigmoid_cross_entropy_loss_layer.cuo .build_release/src/caffe/layers/hdf5_data_layer.cuo .build_release/src/caffe/layers/sigmoid_layer.cuo .build_release/src/caffe/layers/power_layer.cuo .build_release/src/caffe/layers/im2col_layer.cuo .build_release/src/caffe/layers/inner_product_layer.cuo .build_release/src/caffe/layers/lrn_layer.cuo .build_release/src/caffe/layers/cudnn_pooling_layer.cuo .build_release/src/caffe/layers/contrastive_loss_layer.cuo .build_release/src/caffe/layers/dropout_layer.cuo .build_release/src/caffe/layers/softmax_layer.cuo .build_release/src/caffe/layers/cudnn_softmax_layer.cuo .build_release/src/caffe/layers/conv_layer.cuo .build_release/src/caffe/layers/concat_layer.cuo .build_release/src/caffe/layers/silence_layer.cuo .build_release/src/caffe/layers/bnll_layer.cuo .build_release/src/caffe/layers/cudnn_conv_layer.cuo .build_release/src/caffe/layers/hdf5_output_layer.cuo .build_release/src/caffe/layers/cudnn_relu_layer.cuo

g++ tools/net_speed_benchmark.cpp -pthread -fPIC -DNDEBUG -O2 -DUSE_CUDNN -I/usr/include/python2.7 -I/usr/lib/python2.7/dist-packages/numpy/core/include -I/usr/local/include -I.build_release/src -I./src -I./include -I/usr/local/cuda-6.5/include -Wall -Wno-sign-compare -c -o .build_release/tools/net_speed_benchmark.o 2> .build_release/tools/net_speed_benchmark.o.warnings.txt \
		|| (cat .build_release/tools/net_speed_benchmark.o.warnings.txt; exit 1)

g++ .build_release/tools/net_speed_benchmark.o .build_release/lib/libcaffe.a -o .build_release/tools/net_speed_benchmark.bin -fPIC -DNDEBUG -O2 -DUSE_CUDNN -I/usr/include/python2.7 -I/usr/lib/python2.7/dist-packages/numpy/core/include -I/usr/local/include -I.build_release/src -I./src -I./include -I/usr/local/cuda-6.5/include -Wall -Wno-sign-compare -L/usr/lib -L/usr/local/lib -L/usr/lib -L/usr/local/cuda-6.5/lib64 -L/usr/local/cuda-6.5/lib -lcudart -lcublas -lcurand -lglog -lgflags -lprotobuf -lleveldb -lsnappy -llmdb -lboost_system -lhdf5_hl -lhdf5 -lopencv_core -lopencv_highgui -lopencv_imgproc -lpthread -lboost_thread -lcudnn -lcblas -latlas

g++ tools/device_query.cpp -pthread -fPIC -DNDEBUG -O2 -DUSE_CUDNN -I/usr/include/python2.7 -I/usr/lib/python2.7/dist-packages/numpy/core/include -I/usr/local/include -I.build_release/src -I./src -I./include -I/usr/local/cuda-6.5/include -Wall -Wno-sign-compare -c -o .build_release/tools/device_query.o 2> .build_release/tools/device_query.o.warnings.txt \
		|| (cat .build_release/tools/device_query.o.warnings.txt; exit 1)

g++ .build_release/tools/device_query.o .build_release/lib/libcaffe.a -o .build_release/tools/device_query.bin -fPIC -DNDEBUG -O2 -DUSE_CUDNN -I/usr/include/python2.7 -I/usr/lib/python2.7/dist-packages/numpy/core/include -I/usr/local/include -I.build_release/src -I./src -I./include -I/usr/local/cuda-6.5/include -Wall -Wno-sign-compare -L/usr/lib -L/usr/local/lib -L/usr/lib -L/usr/local/cuda-6.5/lib64 -L/usr/local/cuda-6.5/lib -lcudart -lcublas -lcurand -lglog -lgflags -lprotobuf -lleveldb -lsnappy -llmdb -lboost_system -lhdf5_hl -lhdf5 -lopencv_core -lopencv_highgui -lopencv_imgproc -lpthread -lboost_thread -lcudnn -lcblas -latlas

g++ tools/dump_network.cpp -pthread -fPIC -DNDEBUG -O2 -DUSE_CUDNN -I/usr/include/python2.7 -I/usr/lib/python2.7/dist-packages/numpy/core/include -I/usr/local/include -I.build_release/src -I./src -I./include -I/usr/local/cuda-6.5/include -Wall -Wno-sign-compare -c -o .build_release/tools/dump_network.o 2> .build_release/tools/dump_network.o.warnings.txt \
		|| (cat .build_release/tools/dump_network.o.warnings.txt; exit 1)

g++ .build_release/tools/dump_network.o .build_release/lib/libcaffe.a -o .build_release/tools/dump_network.bin -fPIC -DNDEBUG -O2 -DUSE_CUDNN -I/usr/include/python2.7 -I/usr/lib/python2.7/dist-packages/numpy/core/include -I/usr/local/include -I.build_release/src -I./src -I./include -I/usr/local/cuda-6.5/include -Wall -Wno-sign-compare -L/usr/lib -L/usr/local/lib -L/usr/lib -L/usr/local/cuda-6.5/lib64 -L/usr/local/cuda-6.5/lib -lcudart -lcublas -lcurand -lglog -lgflags -lprotobuf -lleveldb -lsnappy -llmdb -lboost_system -lhdf5_hl -lhdf5 -lopencv_core -lopencv_highgui -lopencv_imgproc -lpthread -lboost_thread -lcudnn -lcblas -latlas

g++ tools/train_net.cpp -pthread -fPIC -DNDEBUG -O2 -DUSE_CUDNN -I/usr/include/python2.7 -I/usr/lib/python2.7/dist-packages/numpy/core/include -I/usr/local/include -I.build_release/src -I./src -I./include -I/usr/local/cuda-6.5/include -Wall -Wno-sign-compare -c -o .build_release/tools/train_net.o 2> .build_release/tools/train_net.o.warnings.txt \
		|| (cat .build_release/tools/train_net.o.warnings.txt; exit 1)

g++ .build_release/tools/train_net.o .build_release/lib/libcaffe.a -o .build_release/tools/train_net.bin -fPIC -DNDEBUG -O2 -DUSE_CUDNN -I/usr/include/python2.7 -I/usr/lib/python2.7/dist-packages/numpy/core/include -I/usr/local/include -I.build_release/src -I./src -I./include -I/usr/local/cuda-6.5/include -Wall -Wno-sign-compare -L/usr/lib -L/usr/local/lib -L/usr/lib -L/usr/local/cuda-6.5/lib64 -L/usr/local/cuda-6.5/lib -lcudart -lcublas -lcurand -lglog -lgflags -lprotobuf -lleveldb -lsnappy -llmdb -lboost_system -lhdf5_hl -lhdf5 -lopencv_core -lopencv_highgui -lopencv_imgproc -lpthread -lboost_thread -lcudnn -lcblas -latlas

g++ tools/upgrade_net_proto_text.cpp -pthread -fPIC -DNDEBUG -O2 -DUSE_CUDNN -I/usr/include/python2.7 -I/usr/lib/python2.7/dist-packages/numpy/core/include -I/usr/local/include -I.build_release/src -I./src -I./include -I/usr/local/cuda-6.5/include -Wall -Wno-sign-compare -c -o .build_release/tools/upgrade_net_proto_text.o 2> .build_release/tools/upgrade_net_proto_text.o.warnings.txt \
		|| (cat .build_release/tools/upgrade_net_proto_text.o.warnings.txt; exit 1)

g++ .build_release/tools/upgrade_net_proto_text.o .build_release/lib/libcaffe.a -o .build_release/tools/upgrade_net_proto_text.bin -fPIC -DNDEBUG -O2 -DUSE_CUDNN -I/usr/include/python2.7 -I/usr/lib/python2.7/dist-packages/numpy/core/include -I/usr/local/include -I.build_release/src -I./src -I./include -I/usr/local/cuda-6.5/include -Wall -Wno-sign-compare -L/usr/lib -L/usr/local/lib -L/usr/lib -L/usr/local/cuda-6.5/lib64 -L/usr/local/cuda-6.5/lib -lcudart -lcublas -lcurand -lglog -lgflags -lprotobuf -lleveldb -lsnappy -llmdb -lboost_system -lhdf5_hl -lhdf5 -lopencv_core -lopencv_highgui -lopencv_imgproc -lpthread -lboost_thread -lcudnn -lcblas -latlas

g++ tools/upgrade_net_proto_binary.cpp -pthread -fPIC -DNDEBUG -O2 -DUSE_CUDNN -I/usr/include/python2.7 -I/usr/lib/python2.7/dist-packages/numpy/core/include -I/usr/local/include -I.build_release/src -I./src -I./include -I/usr/local/cuda-6.5/include -Wall -Wno-sign-compare -c -o .build_release/tools/upgrade_net_proto_binary.o 2> .build_release/tools/upgrade_net_proto_binary.o.warnings.txt \
		|| (cat .build_release/tools/upgrade_net_proto_binary.o.warnings.txt; exit 1)

g++ .build_release/tools/upgrade_net_proto_binary.o .build_release/lib/libcaffe.a -o .build_release/tools/upgrade_net_proto_binary.bin -fPIC -DNDEBUG -O2 -DUSE_CUDNN -I/usr/include/python2.7 -I/usr/lib/python2.7/dist-packages/numpy/core/include -I/usr/local/include -I.build_release/src -I./src -I./include -I/usr/local/cuda-6.5/include -Wall -Wno-sign-compare -L/usr/lib -L/usr/local/lib -L/usr/lib -L/usr/local/cuda-6.5/lib64 -L/usr/local/cuda-6.5/lib -lcudart -lcublas -lcurand -lglog -lgflags -lprotobuf -lleveldb -lsnappy -llmdb -lboost_system -lhdf5_hl -lhdf5 -lopencv_core -lopencv_highgui -lopencv_imgproc -lpthread -lboost_thread -lcudnn -lcblas -latlas

g++ tools/finetune_net.cpp -pthread -fPIC -DNDEBUG -O2 -DUSE_CUDNN -I/usr/include/python2.7 -I/usr/lib/python2.7/dist-packages/numpy/core/include -I/usr/local/include -I.build_release/src -I./src -I./include -I/usr/local/cuda-6.5/include -Wall -Wno-sign-compare -c -o .build_release/tools/finetune_net.o 2> .build_release/tools/finetune_net.o.warnings.txt \
		|| (cat .build_release/tools/finetune_net.o.warnings.txt; exit 1)

g++ .build_release/tools/finetune_net.o .build_release/lib/libcaffe.a -o .build_release/tools/finetune_net.bin -fPIC -DNDEBUG -O2 -DUSE_CUDNN -I/usr/include/python2.7 -I/usr/lib/python2.7/dist-packages/numpy/core/include -I/usr/local/include -I.build_release/src -I./src -I./include -I/usr/local/cuda-6.5/include -Wall -Wno-sign-compare -L/usr/lib -L/usr/local/lib -L/usr/lib -L/usr/local/cuda-6.5/lib64 -L/usr/local/cuda-6.5/lib -lcudart -lcublas -lcurand -lglog -lgflags -lprotobuf -lleveldb -lsnappy -llmdb -lboost_system -lhdf5_hl -lhdf5 -lopencv_core -lopencv_highgui -lopencv_imgproc -lpthread -lboost_thread -lcudnn -lcblas -latlas

g++ tools/caffe.cpp -pthread -fPIC -DNDEBUG -O2 -DUSE_CUDNN -I/usr/include/python2.7 -I/usr/lib/python2.7/dist-packages/numpy/core/include -I/usr/local/include -I.build_release/src -I./src -I./include -I/usr/local/cuda-6.5/include -Wall -Wno-sign-compare -c -o .build_release/tools/caffe.o 2> .build_release/tools/caffe.o.warnings.txt \
		|| (cat .build_release/tools/caffe.o.warnings.txt; exit 1)

g++ .build_release/tools/caffe.o .build_release/lib/libcaffe.a -o .build_release/tools/caffe.bin -fPIC -DNDEBUG -O2 -DUSE_CUDNN -I/usr/include/python2.7 -I/usr/lib/python2.7/dist-packages/numpy/core/include -I/usr/local/include -I.build_release/src -I./src -I./include -I/usr/local/cuda-6.5/include -Wall -Wno-sign-compare -L/usr/lib -L/usr/local/lib -L/usr/lib -L/usr/local/cuda-6.5/lib64 -L/usr/local/cuda-6.5/lib -lcudart -lcublas -lcurand -lglog -lgflags -lprotobuf -lleveldb -lsnappy -llmdb -lboost_system -lhdf5_hl -lhdf5 -lopencv_core -lopencv_highgui -lopencv_imgproc -lpthread -lboost_thread -lcudnn -lcblas -latlas

g++ tools/compute_image_mean.cpp -pthread -fPIC -DNDEBUG -O2 -DUSE_CUDNN -I/usr/include/python2.7 -I/usr/lib/python2.7/dist-packages/numpy/core/include -I/usr/local/include -I.build_release/src -I./src -I./include -I/usr/local/cuda-6.5/include -Wall -Wno-sign-compare -c -o .build_release/tools/compute_image_mean.o 2> .build_release/tools/compute_image_mean.o.warnings.txt \
		|| (cat .build_release/tools/compute_image_mean.o.warnings.txt; exit 1)

g++ .build_release/tools/compute_image_mean.o .build_release/lib/libcaffe.a -o .build_release/tools/compute_image_mean.bin -fPIC -DNDEBUG -O2 -DUSE_CUDNN -I/usr/include/python2.7 -I/usr/lib/python2.7/dist-packages/numpy/core/include -I/usr/local/include -I.build_release/src -I./src -I./include -I/usr/local/cuda-6.5/include -Wall -Wno-sign-compare -L/usr/lib -L/usr/local/lib -L/usr/lib -L/usr/local/cuda-6.5/lib64 -L/usr/local/cuda-6.5/lib -lcudart -lcublas -lcurand -lglog -lgflags -lprotobuf -lleveldb -lsnappy -llmdb -lboost_system -lhdf5_hl -lhdf5 -lopencv_core -lopencv_highgui -lopencv_imgproc -lpthread -lboost_thread -lcudnn -lcblas -latlas

g++ tools/extract_features.cpp -pthread -fPIC -DNDEBUG -O2 -DUSE_CUDNN -I/usr/include/python2.7 -I/usr/lib/python2.7/dist-packages/numpy/core/include -I/usr/local/include -I.build_release/src -I./src -I./include -I/usr/local/cuda-6.5/include -Wall -Wno-sign-compare -c -o .build_release/tools/extract_features.o 2> .build_release/tools/extract_features.o.warnings.txt \
		|| (cat .build_release/tools/extract_features.o.warnings.txt; exit 1)

g++ .build_release/tools/extract_features.o .build_release/lib/libcaffe.a -o .build_release/tools/extract_features.bin -fPIC -DNDEBUG -O2 -DUSE_CUDNN -I/usr/include/python2.7 -I/usr/lib/python2.7/dist-packages/numpy/core/include -I/usr/local/include -I.build_release/src -I./src -I./include -I/usr/local/cuda-6.5/include -Wall -Wno-sign-compare -L/usr/lib -L/usr/local/lib -L/usr/lib -L/usr/local/cuda-6.5/lib64 -L/usr/local/cuda-6.5/lib -lcudart -lcublas -lcurand -lglog -lgflags -lprotobuf -lleveldb -lsnappy -llmdb -lboost_system -lhdf5_hl -lhdf5 -lopencv_core -lopencv_highgui -lopencv_imgproc -lpthread -lboost_thread -lcudnn -lcblas -latlas

g++ tools/convert_imageset.cpp -pthread -fPIC -DNDEBUG -O2 -DUSE_CUDNN -I/usr/include/python2.7 -I/usr/lib/python2.7/dist-packages/numpy/core/include -I/usr/local/include -I.build_release/src -I./src -I./include -I/usr/local/cuda-6.5/include -Wall -Wno-sign-compare -c -o .build_release/tools/convert_imageset.o 2> .build_release/tools/convert_imageset.o.warnings.txt \
		|| (cat .build_release/tools/convert_imageset.o.warnings.txt; exit 1)

g++ .build_release/tools/convert_imageset.o .build_release/lib/libcaffe.a -o .build_release/tools/convert_imageset.bin -fPIC -DNDEBUG -O2 -DUSE_CUDNN -I/usr/include/python2.7 -I/usr/lib/python2.7/dist-packages/numpy/core/include -I/usr/local/include -I.build_release/src -I./src -I./include -I/usr/local/cuda-6.5/include -Wall -Wno-sign-compare -L/usr/lib -L/usr/local/lib -L/usr/lib -L/usr/local/cuda-6.5/lib64 -L/usr/local/cuda-6.5/lib -lcudart -lcublas -lcurand -lglog -lgflags -lprotobuf -lleveldb -lsnappy -llmdb -lboost_system -lhdf5_hl -lhdf5 -lopencv_core -lopencv_highgui -lopencv_imgproc -lpthread -lboost_thread -lcudnn -lcblas -latlas

g++ tools/test_net.cpp -pthread -fPIC -DNDEBUG -O2 -DUSE_CUDNN -I/usr/include/python2.7 -I/usr/lib/python2.7/dist-packages/numpy/core/include -I/usr/local/include -I.build_release/src -I./src -I./include -I/usr/local/cuda-6.5/include -Wall -Wno-sign-compare -c -o .build_release/tools/test_net.o 2> .build_release/tools/test_net.o.warnings.txt \
		|| (cat .build_release/tools/test_net.o.warnings.txt; exit 1)

g++ .build_release/tools/test_net.o .build_release/lib/libcaffe.a -o .build_release/tools/test_net.bin -fPIC -DNDEBUG -O2 -DUSE_CUDNN -I/usr/include/python2.7 -I/usr/lib/python2.7/dist-packages/numpy/core/include -I/usr/local/include -I.build_release/src -I./src -I./include -I/usr/local/cuda-6.5/include -Wall -Wno-sign-compare -L/usr/lib -L/usr/local/lib -L/usr/lib -L/usr/local/cuda-6.5/lib64 -L/usr/local/cuda-6.5/lib -lcudart -lcublas -lcurand -lglog -lgflags -lprotobuf -lleveldb -lsnappy -llmdb -lboost_system -lhdf5_hl -lhdf5 -lopencv_core -lopencv_highgui -lopencv_imgproc -lpthread -lboost_thread -lcudnn -lcblas -latlas

g++ examples/cifar10/convert_cifar_data.cpp -pthread -fPIC -DNDEBUG -O2 -DUSE_CUDNN -I/usr/include/python2.7 -I/usr/lib/python2.7/dist-packages/numpy/core/include -I/usr/local/include -I.build_release/src -I./src -I./include -I/usr/local/cuda-6.5/include -Wall -Wno-sign-compare -c -o .build_release/examples/cifar10/convert_cifar_data.o 2> .build_release/examples/cifar10/convert_cifar_data.o.warnings.txt \
		|| (cat .build_release/examples/cifar10/convert_cifar_data.o.warnings.txt; exit 1)

g++ .build_release/examples/cifar10/convert_cifar_data.o .build_release/lib/libcaffe.a -o .build_release/examples/cifar10/convert_cifar_data.bin -fPIC -DNDEBUG -O2 -DUSE_CUDNN -I/usr/include/python2.7 -I/usr/lib/python2.7/dist-packages/numpy/core/include -I/usr/local/include -I.build_release/src -I./src -I./include -I/usr/local/cuda-6.5/include -Wall -Wno-sign-compare -L/usr/lib -L/usr/local/lib -L/usr/lib -L/usr/local/cuda-6.5/lib64 -L/usr/local/cuda-6.5/lib -lcudart -lcublas -lcurand -lglog -lgflags -lprotobuf -lleveldb -lsnappy -llmdb -lboost_system -lhdf5_hl -lhdf5 -lopencv_core -lopencv_highgui -lopencv_imgproc -lpthread -lboost_thread -lcudnn -lcblas -latlas

g++ examples/mnist/convert_mnist_data.cpp -pthread -fPIC -DNDEBUG -O2 -DUSE_CUDNN -I/usr/include/python2.7 -I/usr/lib/python2.7/dist-packages/numpy/core/include -I/usr/local/include -I.build_release/src -I./src -I./include -I/usr/local/cuda-6.5/include -Wall -Wno-sign-compare -c -o .build_release/examples/mnist/convert_mnist_data.o 2> .build_release/examples/mnist/convert_mnist_data.o.warnings.txt \
		|| (cat .build_release/examples/mnist/convert_mnist_data.o.warnings.txt; exit 1)

g++ .build_release/examples/mnist/convert_mnist_data.o .build_release/lib/libcaffe.a -o .build_release/examples/mnist/convert_mnist_data.bin -fPIC -DNDEBUG -O2 -DUSE_CUDNN -I/usr/include/python2.7 -I/usr/lib/python2.7/dist-packages/numpy/core/include -I/usr/local/include -I.build_release/src -I./src -I./include -I/usr/local/cuda-6.5/include -Wall -Wno-sign-compare -L/usr/lib -L/usr/local/lib -L/usr/lib -L/usr/local/cuda-6.5/lib64 -L/usr/local/cuda-6.5/lib -lcudart -lcublas -lcurand -lglog -lgflags -lprotobuf -lleveldb -lsnappy -llmdb -lboost_system -lhdf5_hl -lhdf5 -lopencv_core -lopencv_highgui -lopencv_imgproc -lpthread -lboost_thread -lcudnn -lcblas -latlas

g++ examples/siamese/convert_mnist_siamese_data.cpp -pthread -fPIC -DNDEBUG -O2 -DUSE_CUDNN -I/usr/include/python2.7 -I/usr/lib/python2.7/dist-packages/numpy/core/include -I/usr/local/include -I.build_release/src -I./src -I./include -I/usr/local/cuda-6.5/include -Wall -Wno-sign-compare -c -o .build_release/examples/siamese/convert_mnist_siamese_data.o 2> .build_release/examples/siamese/convert_mnist_siamese_data.o.warnings.txt \
		|| (cat .build_release/examples/siamese/convert_mnist_siamese_data.o.warnings.txt; exit 1)

g++ .build_release/examples/siamese/convert_mnist_siamese_data.o .build_release/lib/libcaffe.a -o .build_release/examples/siamese/convert_mnist_siamese_data.bin -fPIC -DNDEBUG -O2 -DUSE_CUDNN -I/usr/include/python2.7 -I/usr/lib/python2.7/dist-packages/numpy/core/include -I/usr/local/include -I.build_release/src -I./src -I./include -I/usr/local/cuda-6.5/include -Wall -Wno-sign-compare -L/usr/lib -L/usr/local/lib -L/usr/lib -L/usr/local/cuda-6.5/lib64 -L/usr/local/cuda-6.5/lib -lcudart -lcublas -lcurand -lglog -lgflags -lprotobuf -lleveldb -lsnappy -llmdb -lboost_system -lhdf5_hl -lhdf5 -lopencv_core -lopencv_highgui -lopencv_imgproc -lpthread -lboost_thread -lcudnn -lcblas -latlas

